Performing C++ SOURCE FILE Test LEAK_SANITIZER_AVAILABLE failed with the following output:
Change Dir: /Users/aqi/Documents/GitHub/webCrawler/build/CMakeFiles/CMakeScratch/TryCompile-RduWfF

Run Build Command(s):/usr/bin/make -f Makefile cmTC_3a568/fast && /Library/Developer/CommandLineTools/usr/bin/make  -f CMakeFiles/cmTC_3a568.dir/build.make CMakeFiles/cmTC_3a568.dir/build
Building CXX object CMakeFiles/cmTC_3a568.dir/src.cxx.o
/Library/Developer/CommandLineTools/usr/bin/c++ -DLEAK_SANITIZER_AVAILABLE  -arch arm64 -isysroot /Library/Developer/CommandLineTools/SDKs/MacOSX13.0.sdk   -fsanitize=leak -std=gnu++11 -MD -MT CMakeFiles/cmTC_3a568.dir/src.cxx.o -MF CMakeFiles/cmTC_3a568.dir/src.cxx.o.d -o CMakeFiles/cmTC_3a568.dir/src.cxx.o -c /Users/aqi/Documents/GitHub/webCrawler/build/CMakeFiles/CMakeScratch/TryCompile-RduWfF/src.cxx
clang: error: unsupported option '-fsanitize=leak' for target 'arm64-apple-darwin22.1.0'
make[1]: *** [CMakeFiles/cmTC_3a568.dir/src.cxx.o] Error 1
make: *** [cmTC_3a568/fast] Error 2


Source file was:
int main() { return 0; }

Determining size of off64_t failed with the following output:
Change Dir: /Users/aqi/Documents/GitHub/webCrawler/build/CMakeFiles/CMakeScratch/TryCompile-o4fIjT

Run Build Command(s):/usr/bin/make -f Makefile cmTC_70e40/fast && /Library/Developer/CommandLineTools/usr/bin/make  -f CMakeFiles/cmTC_70e40.dir/build.make CMakeFiles/cmTC_70e40.dir/build
Building C object CMakeFiles/cmTC_70e40.dir/OFF64_T.c.o
/Library/Developer/CommandLineTools/usr/bin/cc -D_LARGEFILE64_SOURCE=1 -D__USE_LARGEFILE64  -Wall -Wno-implicit-fallthrough  -arch arm64 -isysroot /Library/Developer/CommandLineTools/SDKs/MacOSX13.0.sdk -std=c99 -MD -MT CMakeFiles/cmTC_70e40.dir/OFF64_T.c.o -MF CMakeFiles/cmTC_70e40.dir/OFF64_T.c.o.d -o CMakeFiles/cmTC_70e40.dir/OFF64_T.c.o -c /Users/aqi/Documents/GitHub/webCrawler/build/CMakeFiles/CMakeScratch/TryCompile-o4fIjT/OFF64_T.c
/Users/aqi/Documents/GitHub/webCrawler/build/CMakeFiles/CMakeScratch/TryCompile-o4fIjT/OFF64_T.c:29:12: error: use of undeclared identifier 'off64_t'
  ('0' + ((SIZE / 10000)%10)),
           ^
/Users/aqi/Documents/GitHub/webCrawler/build/CMakeFiles/CMakeScratch/TryCompile-o4fIjT/OFF64_T.c:27:22: note: expanded from macro 'SIZE'
#define SIZE (sizeof(off64_t))
                     ^
/Users/aqi/Documents/GitHub/webCrawler/build/CMakeFiles/CMakeScratch/TryCompile-o4fIjT/OFF64_T.c:30:12: error: use of undeclared identifier 'off64_t'
  ('0' + ((SIZE / 1000)%10)),
           ^
/Users/aqi/Documents/GitHub/webCrawler/build/CMakeFiles/CMakeScratch/TryCompile-o4fIjT/OFF64_T.c:27:22: note: expanded from macro 'SIZE'
#define SIZE (sizeof(off64_t))
                     ^
/Users/aqi/Documents/GitHub/webCrawler/build/CMakeFiles/CMakeScratch/TryCompile-o4fIjT/OFF64_T.c:31:12: error: use of undeclared identifier 'off64_t'
  ('0' + ((SIZE / 100)%10)),
           ^
/Users/aqi/Documents/GitHub/webCrawler/build/CMakeFiles/CMakeScratch/TryCompile-o4fIjT/OFF64_T.c:27:22: note: expanded from macro 'SIZE'
#define SIZE (sizeof(off64_t))
                     ^
/Users/aqi/Documents/GitHub/webCrawler/build/CMakeFiles/CMakeScratch/TryCompile-o4fIjT/OFF64_T.c:32:12: error: use of undeclared identifier 'off64_t'
  ('0' + ((SIZE / 10)%10)),
           ^
/Users/aqi/Documents/GitHub/webCrawler/build/CMakeFiles/CMakeScratch/TryCompile-o4fIjT/OFF64_T.c:27:22: note: expanded from macro 'SIZE'
#define SIZE (sizeof(off64_t))
                     ^
/Users/aqi/Documents/GitHub/webCrawler/build/CMakeFiles/CMakeScratch/TryCompile-o4fIjT/OFF64_T.c:33:12: error: use of undeclared identifier 'off64_t'
  ('0' +  (SIZE    % 10)),
           ^
/Users/aqi/Documents/GitHub/webCrawler/build/CMakeFiles/CMakeScratch/TryCompile-o4fIjT/OFF64_T.c:27:22: note: expanded from macro 'SIZE'
#define SIZE (sizeof(off64_t))
                     ^
5 errors generated.
make[1]: *** [CMakeFiles/cmTC_70e40.dir/OFF64_T.c.o] Error 1
make: *** [cmTC_70e40/fast] Error 2


OFF64_T.c:
#include <sys/types.h>
#include <stdint.h>
#include <stddef.h>


#undef KEY
#if defined(__i386)
# define KEY '_','_','i','3','8','6'
#elif defined(__x86_64)
# define KEY '_','_','x','8','6','_','6','4'
#elif defined(__PPC64__)
# define KEY '_','_','P','P','C','6','4','_','_'
#elif defined(__ppc64__)
# define KEY '_','_','p','p','c','6','4','_','_'
#elif defined(__PPC__)
# define KEY '_','_','P','P','C','_','_'
#elif defined(__ppc__)
# define KEY '_','_','p','p','c','_','_'
#elif defined(__aarch64__)
# define KEY '_','_','a','a','r','c','h','6','4','_','_'
#elif defined(__ARM_ARCH_7A__)
# define KEY '_','_','A','R','M','_','A','R','C','H','_','7','A','_','_'
#elif defined(__ARM_ARCH_7S__)
# define KEY '_','_','A','R','M','_','A','R','C','H','_','7','S','_','_'
#endif

#define SIZE (sizeof(off64_t))
static char info_size[] =  {'I', 'N', 'F', 'O', ':', 's','i','z','e','[',
  ('0' + ((SIZE / 10000)%10)),
  ('0' + ((SIZE / 1000)%10)),
  ('0' + ((SIZE / 100)%10)),
  ('0' + ((SIZE / 10)%10)),
  ('0' +  (SIZE    % 10)),
  ']',
#ifdef KEY
  ' ','k','e','y','[', KEY, ']',
#endif
  '\0'};

#ifdef __CLASSIC_C__
int main(argc, argv) int argc; char *argv[];
#else
int main(int argc, char *argv[])
#endif
{
  int require = 0;
  require += info_size[argc];
  (void)argv;
  return require;
}


Determining size of _off64_t failed with the following output:
Change Dir: /Users/aqi/Documents/GitHub/webCrawler/build/CMakeFiles/CMakeScratch/TryCompile-6Hq9Vs

Run Build Command(s):/usr/bin/make -f Makefile cmTC_6c864/fast && /Library/Developer/CommandLineTools/usr/bin/make  -f CMakeFiles/cmTC_6c864.dir/build.make CMakeFiles/cmTC_6c864.dir/build
Building C object CMakeFiles/cmTC_6c864.dir/_OFF64_T.c.o
/Library/Developer/CommandLineTools/usr/bin/cc -D_LARGEFILE64_SOURCE=1 -D__USE_LARGEFILE64  -Wall -Wno-implicit-fallthrough  -arch arm64 -isysroot /Library/Developer/CommandLineTools/SDKs/MacOSX13.0.sdk -std=c99 -MD -MT CMakeFiles/cmTC_6c864.dir/_OFF64_T.c.o -MF CMakeFiles/cmTC_6c864.dir/_OFF64_T.c.o.d -o CMakeFiles/cmTC_6c864.dir/_OFF64_T.c.o -c /Users/aqi/Documents/GitHub/webCrawler/build/CMakeFiles/CMakeScratch/TryCompile-6Hq9Vs/_OFF64_T.c
/Users/aqi/Documents/GitHub/webCrawler/build/CMakeFiles/CMakeScratch/TryCompile-6Hq9Vs/_OFF64_T.c:29:12: error: use of undeclared identifier '_off64_t'
  ('0' + ((SIZE / 10000)%10)),
           ^
/Users/aqi/Documents/GitHub/webCrawler/build/CMakeFiles/CMakeScratch/TryCompile-6Hq9Vs/_OFF64_T.c:27:22: note: expanded from macro 'SIZE'
#define SIZE (sizeof(_off64_t))
                     ^
/Users/aqi/Documents/GitHub/webCrawler/build/CMakeFiles/CMakeScratch/TryCompile-6Hq9Vs/_OFF64_T.c:30:12: error: use of undeclared identifier '_off64_t'
  ('0' + ((SIZE / 1000)%10)),
           ^
/Users/aqi/Documents/GitHub/webCrawler/build/CMakeFiles/CMakeScratch/TryCompile-6Hq9Vs/_OFF64_T.c:27:22: note: expanded from macro 'SIZE'
#define SIZE (sizeof(_off64_t))
                     ^
/Users/aqi/Documents/GitHub/webCrawler/build/CMakeFiles/CMakeScratch/TryCompile-6Hq9Vs/_OFF64_T.c:31:12: error: use of undeclared identifier '_off64_t'
  ('0' + ((SIZE / 100)%10)),
           ^
/Users/aqi/Documents/GitHub/webCrawler/build/CMakeFiles/CMakeScratch/TryCompile-6Hq9Vs/_OFF64_T.c:27:22: note: expanded from macro 'SIZE'
#define SIZE (sizeof(_off64_t))
                     ^
/Users/aqi/Documents/GitHub/webCrawler/build/CMakeFiles/CMakeScratch/TryCompile-6Hq9Vs/_OFF64_T.c:32:12: error: use of undeclared identifier '_off64_t'
  ('0' + ((SIZE / 10)%10)),
           ^
/Users/aqi/Documents/GitHub/webCrawler/build/CMakeFiles/CMakeScratch/TryCompile-6Hq9Vs/_OFF64_T.c:27:22: note: expanded from macro 'SIZE'
#define SIZE (sizeof(_off64_t))
                     ^
/Users/aqi/Documents/GitHub/webCrawler/build/CMakeFiles/CMakeScratch/TryCompile-6Hq9Vs/_OFF64_T.c:33:12: error: use of undeclared identifier '_off64_t'
  ('0' +  (SIZE    % 10)),
           ^
/Users/aqi/Documents/GitHub/webCrawler/build/CMakeFiles/CMakeScratch/TryCompile-6Hq9Vs/_OFF64_T.c:27:22: note: expanded from macro 'SIZE'
#define SIZE (sizeof(_off64_t))
                     ^
5 errors generated.
make[1]: *** [CMakeFiles/cmTC_6c864.dir/_OFF64_T.c.o] Error 1
make: *** [cmTC_6c864/fast] Error 2


_OFF64_T.c:
#include <sys/types.h>
#include <stdint.h>
#include <stddef.h>


#undef KEY
#if defined(__i386)
# define KEY '_','_','i','3','8','6'
#elif defined(__x86_64)
# define KEY '_','_','x','8','6','_','6','4'
#elif defined(__PPC64__)
# define KEY '_','_','P','P','C','6','4','_','_'
#elif defined(__ppc64__)
# define KEY '_','_','p','p','c','6','4','_','_'
#elif defined(__PPC__)
# define KEY '_','_','P','P','C','_','_'
#elif defined(__ppc__)
# define KEY '_','_','p','p','c','_','_'
#elif defined(__aarch64__)
# define KEY '_','_','a','a','r','c','h','6','4','_','_'
#elif defined(__ARM_ARCH_7A__)
# define KEY '_','_','A','R','M','_','A','R','C','H','_','7','A','_','_'
#elif defined(__ARM_ARCH_7S__)
# define KEY '_','_','A','R','M','_','A','R','C','H','_','7','S','_','_'
#endif

#define SIZE (sizeof(_off64_t))
static char info_size[] =  {'I', 'N', 'F', 'O', ':', 's','i','z','e','[',
  ('0' + ((SIZE / 10000)%10)),
  ('0' + ((SIZE / 1000)%10)),
  ('0' + ((SIZE / 100)%10)),
  ('0' + ((SIZE / 10)%10)),
  ('0' +  (SIZE    % 10)),
  ']',
#ifdef KEY
  ' ','k','e','y','[', KEY, ']',
#endif
  '\0'};

#ifdef __CLASSIC_C__
int main(argc, argv) int argc; char *argv[];
#else
int main(int argc, char *argv[])
#endif
{
  int require = 0;
  require += info_size[argc];
  (void)argv;
  return require;
}


Determining size of __off64_t failed with the following output:
Change Dir: /Users/aqi/Documents/GitHub/webCrawler/build/CMakeFiles/CMakeScratch/TryCompile-KghvAs

Run Build Command(s):/usr/bin/make -f Makefile cmTC_db4bf/fast && /Library/Developer/CommandLineTools/usr/bin/make  -f CMakeFiles/cmTC_db4bf.dir/build.make CMakeFiles/cmTC_db4bf.dir/build
Building C object CMakeFiles/cmTC_db4bf.dir/__OFF64_T.c.o
/Library/Developer/CommandLineTools/usr/bin/cc -D_LARGEFILE64_SOURCE=1 -D__USE_LARGEFILE64  -Wall -Wno-implicit-fallthrough  -arch arm64 -isysroot /Library/Developer/CommandLineTools/SDKs/MacOSX13.0.sdk -std=c99 -MD -MT CMakeFiles/cmTC_db4bf.dir/__OFF64_T.c.o -MF CMakeFiles/cmTC_db4bf.dir/__OFF64_T.c.o.d -o CMakeFiles/cmTC_db4bf.dir/__OFF64_T.c.o -c /Users/aqi/Documents/GitHub/webCrawler/build/CMakeFiles/CMakeScratch/TryCompile-KghvAs/__OFF64_T.c
/Users/aqi/Documents/GitHub/webCrawler/build/CMakeFiles/CMakeScratch/TryCompile-KghvAs/__OFF64_T.c:29:12: error: use of undeclared identifier '__off64_t'
  ('0' + ((SIZE / 10000)%10)),
           ^
/Users/aqi/Documents/GitHub/webCrawler/build/CMakeFiles/CMakeScratch/TryCompile-KghvAs/__OFF64_T.c:27:22: note: expanded from macro 'SIZE'
#define SIZE (sizeof(__off64_t))
                     ^
/Users/aqi/Documents/GitHub/webCrawler/build/CMakeFiles/CMakeScratch/TryCompile-KghvAs/__OFF64_T.c:30:12: error: use of undeclared identifier '__off64_t'
  ('0' + ((SIZE / 1000)%10)),
           ^
/Users/aqi/Documents/GitHub/webCrawler/build/CMakeFiles/CMakeScratch/TryCompile-KghvAs/__OFF64_T.c:27:22: note: expanded from macro 'SIZE'
#define SIZE (sizeof(__off64_t))
                     ^
/Users/aqi/Documents/GitHub/webCrawler/build/CMakeFiles/CMakeScratch/TryCompile-KghvAs/__OFF64_T.c:31:12: error: use of undeclared identifier '__off64_t'
  ('0' + ((SIZE / 100)%10)),
           ^
/Users/aqi/Documents/GitHub/webCrawler/build/CMakeFiles/CMakeScratch/TryCompile-KghvAs/__OFF64_T.c:27:22: note: expanded from macro 'SIZE'
#define SIZE (sizeof(__off64_t))
                     ^
/Users/aqi/Documents/GitHub/webCrawler/build/CMakeFiles/CMakeScratch/TryCompile-KghvAs/__OFF64_T.c:32:12: error: use of undeclared identifier '__off64_t'
  ('0' + ((SIZE / 10)%10)),
           ^
/Users/aqi/Documents/GitHub/webCrawler/build/CMakeFiles/CMakeScratch/TryCompile-KghvAs/__OFF64_T.c:27:22: note: expanded from macro 'SIZE'
#define SIZE (sizeof(__off64_t))
                     ^
/Users/aqi/Documents/GitHub/webCrawler/build/CMakeFiles/CMakeScratch/TryCompile-KghvAs/__OFF64_T.c:33:12: error: use of undeclared identifier '__off64_t'
  ('0' +  (SIZE    % 10)),
           ^
/Users/aqi/Documents/GitHub/webCrawler/build/CMakeFiles/CMakeScratch/TryCompile-KghvAs/__OFF64_T.c:27:22: note: expanded from macro 'SIZE'
#define SIZE (sizeof(__off64_t))
                     ^
5 errors generated.
make[1]: *** [CMakeFiles/cmTC_db4bf.dir/__OFF64_T.c.o] Error 1
make: *** [cmTC_db4bf/fast] Error 2


__OFF64_T.c:
#include <sys/types.h>
#include <stdint.h>
#include <stddef.h>


#undef KEY
#if defined(__i386)
# define KEY '_','_','i','3','8','6'
#elif defined(__x86_64)
# define KEY '_','_','x','8','6','_','6','4'
#elif defined(__PPC64__)
# define KEY '_','_','P','P','C','6','4','_','_'
#elif defined(__ppc64__)
# define KEY '_','_','p','p','c','6','4','_','_'
#elif defined(__PPC__)
# define KEY '_','_','P','P','C','_','_'
#elif defined(__ppc__)
# define KEY '_','_','p','p','c','_','_'
#elif defined(__aarch64__)
# define KEY '_','_','a','a','r','c','h','6','4','_','_'
#elif defined(__ARM_ARCH_7A__)
# define KEY '_','_','A','R','M','_','A','R','C','H','_','7','A','_','_'
#elif defined(__ARM_ARCH_7S__)
# define KEY '_','_','A','R','M','_','A','R','C','H','_','7','S','_','_'
#endif

#define SIZE (sizeof(__off64_t))
static char info_size[] =  {'I', 'N', 'F', 'O', ':', 's','i','z','e','[',
  ('0' + ((SIZE / 10000)%10)),
  ('0' + ((SIZE / 1000)%10)),
  ('0' + ((SIZE / 100)%10)),
  ('0' + ((SIZE / 10)%10)),
  ('0' +  (SIZE    % 10)),
  ']',
#ifdef KEY
  ' ','k','e','y','[', KEY, ']',
#endif
  '\0'};

#ifdef __CLASSIC_C__
int main(argc, argv) int argc; char *argv[];
#else
int main(int argc, char *argv[])
#endif
{
  int require = 0;
  require += info_size[argc];
  (void)argv;
  return require;
}


Determining if the function connect exists in the socket;-framework SystemConfiguration failed with the following output:
Change Dir: /Users/aqi/Documents/GitHub/webCrawler/build/CMakeFiles/CMakeScratch/TryCompile-nRtfXn

Run Build Command(s):/usr/bin/make -f Makefile cmTC_aad41/fast && /Library/Developer/CommandLineTools/usr/bin/make  -f CMakeFiles/cmTC_aad41.dir/build.make CMakeFiles/cmTC_aad41.dir/build
Building C object CMakeFiles/cmTC_aad41.dir/CheckFunctionExists.c.o
/Library/Developer/CommandLineTools/usr/bin/cc   -DCHECK_FUNCTION_EXISTS=connect -arch arm64 -isysroot /Library/Developer/CommandLineTools/SDKs/MacOSX13.0.sdk -MD -MT CMakeFiles/cmTC_aad41.dir/CheckFunctionExists.c.o -MF CMakeFiles/cmTC_aad41.dir/CheckFunctionExists.c.o.d -o CMakeFiles/cmTC_aad41.dir/CheckFunctionExists.c.o -c /Users/aqi/Documents/GitHub/webCrawler/build/CMakeFiles/CMakeScratch/TryCompile-nRtfXn/CheckFunctionExists.c
Linking C executable cmTC_aad41
/opt/homebrew/Cellar/cmake/3.25.1/bin/cmake -E cmake_link_script CMakeFiles/cmTC_aad41.dir/link.txt --verbose=1
/Library/Developer/CommandLineTools/usr/bin/cc  -DCHECK_FUNCTION_EXISTS=connect -arch arm64 -isysroot /Library/Developer/CommandLineTools/SDKs/MacOSX13.0.sdk -Wl,-search_paths_first -Wl,-headerpad_max_install_names CMakeFiles/cmTC_aad41.dir/CheckFunctionExists.c.o -o cmTC_aad41  -lsocket -framework SystemConfiguration 
ld: library not found for -lsocket
clang: error: linker command failed with exit code 1 (use -v to see invocation)
make[1]: *** [cmTC_aad41] Error 1
make: *** [cmTC_aad41/fast] Error 2



Determining if files stdio.h;inttypes.h;sys/filio.h;sys/ioctl.h;sys/param.h;sys/poll.h;sys/resource.h;sys/select.h;sys/socket.h;sys/sockio.h;sys/stat.h;sys/time.h;sys/types.h;sys/uio.h;sys/un.h;sys/utime.h exist failed with the following output:
Change Dir: /Users/aqi/Documents/GitHub/webCrawler/build/CMakeFiles/CMakeScratch/TryCompile-VR0veZ

Run Build Command(s):/usr/bin/make -f Makefile cmTC_1aa41/fast && /Library/Developer/CommandLineTools/usr/bin/make  -f CMakeFiles/cmTC_1aa41.dir/build.make CMakeFiles/cmTC_1aa41.dir/build
Building C object CMakeFiles/cmTC_1aa41.dir/HAVE_SYS_UTIME_H.c.o
/Library/Developer/CommandLineTools/usr/bin/cc   -arch arm64 -isysroot /Library/Developer/CommandLineTools/SDKs/MacOSX13.0.sdk -MD -MT CMakeFiles/cmTC_1aa41.dir/HAVE_SYS_UTIME_H.c.o -MF CMakeFiles/cmTC_1aa41.dir/HAVE_SYS_UTIME_H.c.o.d -o CMakeFiles/cmTC_1aa41.dir/HAVE_SYS_UTIME_H.c.o -c /Users/aqi/Documents/GitHub/webCrawler/build/CMakeFiles/CMakeScratch/TryCompile-VR0veZ/HAVE_SYS_UTIME_H.c
/Users/aqi/Documents/GitHub/webCrawler/build/CMakeFiles/CMakeScratch/TryCompile-VR0veZ/HAVE_SYS_UTIME_H.c:17:10: fatal error: 'sys/utime.h' file not found
#include <sys/utime.h>
         ^~~~~~~~~~~~~
1 error generated.
make[1]: *** [CMakeFiles/cmTC_1aa41.dir/HAVE_SYS_UTIME_H.c.o] Error 1
make: *** [cmTC_1aa41/fast] Error 2


Source:
/* */
#include <stdio.h>
#include <inttypes.h>
#include <sys/filio.h>
#include <sys/ioctl.h>
#include <sys/param.h>
#include <sys/poll.h>
#include <sys/resource.h>
#include <sys/select.h>
#include <sys/socket.h>
#include <sys/sockio.h>
#include <sys/stat.h>
#include <sys/time.h>
#include <sys/types.h>
#include <sys/uio.h>
#include <sys/un.h>
#include <sys/utime.h>


int main(void){return 0;}

Determining if files stdio.h;inttypes.h;sys/filio.h;sys/ioctl.h;sys/param.h;sys/poll.h;sys/resource.h;sys/select.h;sys/socket.h;sys/sockio.h;sys/stat.h;sys/time.h;sys/types.h;sys/uio.h;sys/un.h;sys/xattr.h;alloca.h;arpa/inet.h;arpa/tftp.h;assert.h;errno.h;fcntl.h;idn2.h exist failed with the following output:
Change Dir: /Users/aqi/Documents/GitHub/webCrawler/build/CMakeFiles/CMakeScratch/TryCompile-gnjQor

Run Build Command(s):/usr/bin/make -f Makefile cmTC_5af7c/fast && /Library/Developer/CommandLineTools/usr/bin/make  -f CMakeFiles/cmTC_5af7c.dir/build.make CMakeFiles/cmTC_5af7c.dir/build
Building C object CMakeFiles/cmTC_5af7c.dir/HAVE_IDN2_H.c.o
/Library/Developer/CommandLineTools/usr/bin/cc   -arch arm64 -isysroot /Library/Developer/CommandLineTools/SDKs/MacOSX13.0.sdk -MD -MT CMakeFiles/cmTC_5af7c.dir/HAVE_IDN2_H.c.o -MF CMakeFiles/cmTC_5af7c.dir/HAVE_IDN2_H.c.o.d -o CMakeFiles/cmTC_5af7c.dir/HAVE_IDN2_H.c.o -c /Users/aqi/Documents/GitHub/webCrawler/build/CMakeFiles/CMakeScratch/TryCompile-gnjQor/HAVE_IDN2_H.c
/Users/aqi/Documents/GitHub/webCrawler/build/CMakeFiles/CMakeScratch/TryCompile-gnjQor/HAVE_IDN2_H.c:24:10: fatal error: 'idn2.h' file not found
#include <idn2.h>
         ^~~~~~~~
1 error generated.
make[1]: *** [CMakeFiles/cmTC_5af7c.dir/HAVE_IDN2_H.c.o] Error 1
make: *** [cmTC_5af7c/fast] Error 2


Source:
/* */
#include <stdio.h>
#include <inttypes.h>
#include <sys/filio.h>
#include <sys/ioctl.h>
#include <sys/param.h>
#include <sys/poll.h>
#include <sys/resource.h>
#include <sys/select.h>
#include <sys/socket.h>
#include <sys/sockio.h>
#include <sys/stat.h>
#include <sys/time.h>
#include <sys/types.h>
#include <sys/uio.h>
#include <sys/un.h>
#include <sys/xattr.h>
#include <alloca.h>
#include <arpa/inet.h>
#include <arpa/tftp.h>
#include <assert.h>
#include <errno.h>
#include <fcntl.h>
#include <idn2.h>


int main(void){return 0;}

Determining if files stdio.h;inttypes.h;sys/filio.h;sys/ioctl.h;sys/param.h;sys/poll.h;sys/resource.h;sys/select.h;sys/socket.h;sys/sockio.h;sys/stat.h;sys/time.h;sys/types.h;sys/uio.h;sys/un.h;sys/xattr.h;alloca.h;arpa/inet.h;arpa/tftp.h;assert.h;errno.h;fcntl.h;ifaddrs.h;io.h exist failed with the following output:
Change Dir: /Users/aqi/Documents/GitHub/webCrawler/build/CMakeFiles/CMakeScratch/TryCompile-en3iTL

Run Build Command(s):/usr/bin/make -f Makefile cmTC_51ced/fast && /Library/Developer/CommandLineTools/usr/bin/make  -f CMakeFiles/cmTC_51ced.dir/build.make CMakeFiles/cmTC_51ced.dir/build
Building C object CMakeFiles/cmTC_51ced.dir/HAVE_IO_H.c.o
/Library/Developer/CommandLineTools/usr/bin/cc   -arch arm64 -isysroot /Library/Developer/CommandLineTools/SDKs/MacOSX13.0.sdk -MD -MT CMakeFiles/cmTC_51ced.dir/HAVE_IO_H.c.o -MF CMakeFiles/cmTC_51ced.dir/HAVE_IO_H.c.o.d -o CMakeFiles/cmTC_51ced.dir/HAVE_IO_H.c.o -c /Users/aqi/Documents/GitHub/webCrawler/build/CMakeFiles/CMakeScratch/TryCompile-en3iTL/HAVE_IO_H.c
/Users/aqi/Documents/GitHub/webCrawler/build/CMakeFiles/CMakeScratch/TryCompile-en3iTL/HAVE_IO_H.c:25:10: fatal error: 'io.h' file not found
#include <io.h>
         ^~~~~~
1 error generated.
make[1]: *** [CMakeFiles/cmTC_51ced.dir/HAVE_IO_H.c.o] Error 1
make: *** [cmTC_51ced/fast] Error 2


Source:
/* */
#include <stdio.h>
#include <inttypes.h>
#include <sys/filio.h>
#include <sys/ioctl.h>
#include <sys/param.h>
#include <sys/poll.h>
#include <sys/resource.h>
#include <sys/select.h>
#include <sys/socket.h>
#include <sys/sockio.h>
#include <sys/stat.h>
#include <sys/time.h>
#include <sys/types.h>
#include <sys/uio.h>
#include <sys/un.h>
#include <sys/xattr.h>
#include <alloca.h>
#include <arpa/inet.h>
#include <arpa/tftp.h>
#include <assert.h>
#include <errno.h>
#include <fcntl.h>
#include <ifaddrs.h>
#include <io.h>


int main(void){return 0;}

Determining if files stdio.h;inttypes.h;sys/filio.h;sys/ioctl.h;sys/param.h;sys/poll.h;sys/resource.h;sys/select.h;sys/socket.h;sys/sockio.h;sys/stat.h;sys/time.h;sys/types.h;sys/uio.h;sys/un.h;sys/xattr.h;alloca.h;arpa/inet.h;arpa/tftp.h;assert.h;errno.h;fcntl.h;ifaddrs.h;krb.h exist failed with the following output:
Change Dir: /Users/aqi/Documents/GitHub/webCrawler/build/CMakeFiles/CMakeScratch/TryCompile-NkWrvT

Run Build Command(s):/usr/bin/make -f Makefile cmTC_b89f4/fast && /Library/Developer/CommandLineTools/usr/bin/make  -f CMakeFiles/cmTC_b89f4.dir/build.make CMakeFiles/cmTC_b89f4.dir/build
Building C object CMakeFiles/cmTC_b89f4.dir/HAVE_KRB_H.c.o
/Library/Developer/CommandLineTools/usr/bin/cc   -arch arm64 -isysroot /Library/Developer/CommandLineTools/SDKs/MacOSX13.0.sdk -MD -MT CMakeFiles/cmTC_b89f4.dir/HAVE_KRB_H.c.o -MF CMakeFiles/cmTC_b89f4.dir/HAVE_KRB_H.c.o.d -o CMakeFiles/cmTC_b89f4.dir/HAVE_KRB_H.c.o -c /Users/aqi/Documents/GitHub/webCrawler/build/CMakeFiles/CMakeScratch/TryCompile-NkWrvT/HAVE_KRB_H.c
/Users/aqi/Documents/GitHub/webCrawler/build/CMakeFiles/CMakeScratch/TryCompile-NkWrvT/HAVE_KRB_H.c:25:10: fatal error: 'krb.h' file not found
#include <krb.h>
         ^~~~~~~
1 error generated.
make[1]: *** [CMakeFiles/cmTC_b89f4.dir/HAVE_KRB_H.c.o] Error 1
make: *** [cmTC_b89f4/fast] Error 2


Source:
/* */
#include <stdio.h>
#include <inttypes.h>
#include <sys/filio.h>
#include <sys/ioctl.h>
#include <sys/param.h>
#include <sys/poll.h>
#include <sys/resource.h>
#include <sys/select.h>
#include <sys/socket.h>
#include <sys/sockio.h>
#include <sys/stat.h>
#include <sys/time.h>
#include <sys/types.h>
#include <sys/uio.h>
#include <sys/un.h>
#include <sys/xattr.h>
#include <alloca.h>
#include <arpa/inet.h>
#include <arpa/tftp.h>
#include <assert.h>
#include <errno.h>
#include <fcntl.h>
#include <ifaddrs.h>
#include <krb.h>


int main(void){return 0;}

Determining if the include file linux/tcp.h exists failed with the following output:
Change Dir: /Users/aqi/Documents/GitHub/webCrawler/build/CMakeFiles/CMakeScratch/TryCompile-fwY0WB

Run Build Command(s):/usr/bin/make -f Makefile cmTC_98423/fast && /Library/Developer/CommandLineTools/usr/bin/make  -f CMakeFiles/cmTC_98423.dir/build.make CMakeFiles/cmTC_98423.dir/build
Building C object CMakeFiles/cmTC_98423.dir/CheckIncludeFile.c.o
/Library/Developer/CommandLineTools/usr/bin/cc   -arch arm64 -isysroot /Library/Developer/CommandLineTools/SDKs/MacOSX13.0.sdk -MD -MT CMakeFiles/cmTC_98423.dir/CheckIncludeFile.c.o -MF CMakeFiles/cmTC_98423.dir/CheckIncludeFile.c.o.d -o CMakeFiles/cmTC_98423.dir/CheckIncludeFile.c.o -c /Users/aqi/Documents/GitHub/webCrawler/build/CMakeFiles/CMakeScratch/TryCompile-fwY0WB/CheckIncludeFile.c
/Users/aqi/Documents/GitHub/webCrawler/build/CMakeFiles/CMakeScratch/TryCompile-fwY0WB/CheckIncludeFile.c:1:10: fatal error: 'linux/tcp.h' file not found
#include <linux/tcp.h>
         ^~~~~~~~~~~~~
1 error generated.
make[1]: *** [CMakeFiles/cmTC_98423.dir/CheckIncludeFile.c.o] Error 1
make: *** [cmTC_98423/fast] Error 2



Determining if files stdio.h;inttypes.h;sys/filio.h;sys/ioctl.h;sys/param.h;sys/poll.h;sys/resource.h;sys/select.h;sys/socket.h;sys/sockio.h;sys/stat.h;sys/time.h;sys/types.h;sys/uio.h;sys/un.h;sys/xattr.h;alloca.h;arpa/inet.h;arpa/tftp.h;assert.h;errno.h;fcntl.h;ifaddrs.h;libgen.h;locale.h;net/if.h;netdb.h;netinet/in.h;netinet/tcp.h;pem.h exist failed with the following output:
Change Dir: /Users/aqi/Documents/GitHub/webCrawler/build/CMakeFiles/CMakeScratch/TryCompile-kaPpfb

Run Build Command(s):/usr/bin/make -f Makefile cmTC_71a9a/fast && /Library/Developer/CommandLineTools/usr/bin/make  -f CMakeFiles/cmTC_71a9a.dir/build.make CMakeFiles/cmTC_71a9a.dir/build
Building C object CMakeFiles/cmTC_71a9a.dir/HAVE_PEM_H.c.o
/Library/Developer/CommandLineTools/usr/bin/cc   -arch arm64 -isysroot /Library/Developer/CommandLineTools/SDKs/MacOSX13.0.sdk -MD -MT CMakeFiles/cmTC_71a9a.dir/HAVE_PEM_H.c.o -MF CMakeFiles/cmTC_71a9a.dir/HAVE_PEM_H.c.o.d -o CMakeFiles/cmTC_71a9a.dir/HAVE_PEM_H.c.o -c /Users/aqi/Documents/GitHub/webCrawler/build/CMakeFiles/CMakeScratch/TryCompile-kaPpfb/HAVE_PEM_H.c
/Users/aqi/Documents/GitHub/webCrawler/build/CMakeFiles/CMakeScratch/TryCompile-kaPpfb/HAVE_PEM_H.c:31:10: fatal error: 'pem.h' file not found
#include <pem.h>
         ^~~~~~~
1 error generated.
make[1]: *** [CMakeFiles/cmTC_71a9a.dir/HAVE_PEM_H.c.o] Error 1
make: *** [cmTC_71a9a/fast] Error 2


Source:
/* */
#include <stdio.h>
#include <inttypes.h>
#include <sys/filio.h>
#include <sys/ioctl.h>
#include <sys/param.h>
#include <sys/poll.h>
#include <sys/resource.h>
#include <sys/select.h>
#include <sys/socket.h>
#include <sys/sockio.h>
#include <sys/stat.h>
#include <sys/time.h>
#include <sys/types.h>
#include <sys/uio.h>
#include <sys/un.h>
#include <sys/xattr.h>
#include <alloca.h>
#include <arpa/inet.h>
#include <arpa/tftp.h>
#include <assert.h>
#include <errno.h>
#include <fcntl.h>
#include <ifaddrs.h>
#include <libgen.h>
#include <locale.h>
#include <net/if.h>
#include <netdb.h>
#include <netinet/in.h>
#include <netinet/tcp.h>
#include <pem.h>


int main(void){return 0;}

Determining if files stdio.h;inttypes.h;sys/filio.h;sys/ioctl.h;sys/param.h;sys/poll.h;sys/resource.h;sys/select.h;sys/socket.h;sys/sockio.h;sys/stat.h;sys/time.h;sys/types.h;sys/uio.h;sys/un.h;sys/xattr.h;alloca.h;arpa/inet.h;arpa/tftp.h;assert.h;errno.h;fcntl.h;ifaddrs.h;libgen.h;locale.h;net/if.h;netdb.h;netinet/in.h;netinet/tcp.h;poll.h;pwd.h;setjmp.h;signal.h;ssl.h exist failed with the following output:
Change Dir: /Users/aqi/Documents/GitHub/webCrawler/build/CMakeFiles/CMakeScratch/TryCompile-e2lPFa

Run Build Command(s):/usr/bin/make -f Makefile cmTC_35dc1/fast && /Library/Developer/CommandLineTools/usr/bin/make  -f CMakeFiles/cmTC_35dc1.dir/build.make CMakeFiles/cmTC_35dc1.dir/build
Building C object CMakeFiles/cmTC_35dc1.dir/HAVE_SSL_H.c.o
/Library/Developer/CommandLineTools/usr/bin/cc   -arch arm64 -isysroot /Library/Developer/CommandLineTools/SDKs/MacOSX13.0.sdk -MD -MT CMakeFiles/cmTC_35dc1.dir/HAVE_SSL_H.c.o -MF CMakeFiles/cmTC_35dc1.dir/HAVE_SSL_H.c.o.d -o CMakeFiles/cmTC_35dc1.dir/HAVE_SSL_H.c.o -c /Users/aqi/Documents/GitHub/webCrawler/build/CMakeFiles/CMakeScratch/TryCompile-e2lPFa/HAVE_SSL_H.c
/Users/aqi/Documents/GitHub/webCrawler/build/CMakeFiles/CMakeScratch/TryCompile-e2lPFa/HAVE_SSL_H.c:35:10: fatal error: 'ssl.h' file not found
#include <ssl.h>
         ^~~~~~~
1 error generated.
make[1]: *** [CMakeFiles/cmTC_35dc1.dir/HAVE_SSL_H.c.o] Error 1
make: *** [cmTC_35dc1/fast] Error 2


Source:
/* */
#include <stdio.h>
#include <inttypes.h>
#include <sys/filio.h>
#include <sys/ioctl.h>
#include <sys/param.h>
#include <sys/poll.h>
#include <sys/resource.h>
#include <sys/select.h>
#include <sys/socket.h>
#include <sys/sockio.h>
#include <sys/stat.h>
#include <sys/time.h>
#include <sys/types.h>
#include <sys/uio.h>
#include <sys/un.h>
#include <sys/xattr.h>
#include <alloca.h>
#include <arpa/inet.h>
#include <arpa/tftp.h>
#include <assert.h>
#include <errno.h>
#include <fcntl.h>
#include <ifaddrs.h>
#include <libgen.h>
#include <locale.h>
#include <net/if.h>
#include <netdb.h>
#include <netinet/in.h>
#include <netinet/tcp.h>
#include <poll.h>
#include <pwd.h>
#include <setjmp.h>
#include <signal.h>
#include <ssl.h>


int main(void){return 0;}

Determining if files stdio.h;inttypes.h;sys/filio.h;sys/ioctl.h;sys/param.h;sys/poll.h;sys/resource.h;sys/select.h;sys/socket.h;sys/sockio.h;sys/stat.h;sys/time.h;sys/types.h;sys/uio.h;sys/un.h;sys/xattr.h;alloca.h;arpa/inet.h;arpa/tftp.h;assert.h;errno.h;fcntl.h;ifaddrs.h;libgen.h;locale.h;net/if.h;netdb.h;netinet/in.h;netinet/tcp.h;poll.h;pwd.h;setjmp.h;signal.h;stdbool.h;stdint.h;stdio.h;stdlib.h;string.h;strings.h;stropts.h exist failed with the following output:
Change Dir: /Users/aqi/Documents/GitHub/webCrawler/build/CMakeFiles/CMakeScratch/TryCompile-kpmvZz

Run Build Command(s):/usr/bin/make -f Makefile cmTC_c7fda/fast && /Library/Developer/CommandLineTools/usr/bin/make  -f CMakeFiles/cmTC_c7fda.dir/build.make CMakeFiles/cmTC_c7fda.dir/build
Building C object CMakeFiles/cmTC_c7fda.dir/HAVE_STROPTS_H.c.o
/Library/Developer/CommandLineTools/usr/bin/cc   -arch arm64 -isysroot /Library/Developer/CommandLineTools/SDKs/MacOSX13.0.sdk -MD -MT CMakeFiles/cmTC_c7fda.dir/HAVE_STROPTS_H.c.o -MF CMakeFiles/cmTC_c7fda.dir/HAVE_STROPTS_H.c.o.d -o CMakeFiles/cmTC_c7fda.dir/HAVE_STROPTS_H.c.o -c /Users/aqi/Documents/GitHub/webCrawler/build/CMakeFiles/CMakeScratch/TryCompile-kpmvZz/HAVE_STROPTS_H.c
/Users/aqi/Documents/GitHub/webCrawler/build/CMakeFiles/CMakeScratch/TryCompile-kpmvZz/HAVE_STROPTS_H.c:41:10: fatal error: 'stropts.h' file not found
#include <stropts.h>
         ^~~~~~~~~~~
1 error generated.
make[1]: *** [CMakeFiles/cmTC_c7fda.dir/HAVE_STROPTS_H.c.o] Error 1
make: *** [cmTC_c7fda/fast] Error 2


Source:
/* */
#include <stdio.h>
#include <inttypes.h>
#include <sys/filio.h>
#include <sys/ioctl.h>
#include <sys/param.h>
#include <sys/poll.h>
#include <sys/resource.h>
#include <sys/select.h>
#include <sys/socket.h>
#include <sys/sockio.h>
#include <sys/stat.h>
#include <sys/time.h>
#include <sys/types.h>
#include <sys/uio.h>
#include <sys/un.h>
#include <sys/xattr.h>
#include <alloca.h>
#include <arpa/inet.h>
#include <arpa/tftp.h>
#include <assert.h>
#include <errno.h>
#include <fcntl.h>
#include <ifaddrs.h>
#include <libgen.h>
#include <locale.h>
#include <net/if.h>
#include <netdb.h>
#include <netinet/in.h>
#include <netinet/tcp.h>
#include <poll.h>
#include <pwd.h>
#include <setjmp.h>
#include <signal.h>
#include <stdbool.h>
#include <stdint.h>
#include <stdio.h>
#include <stdlib.h>
#include <string.h>
#include <strings.h>
#include <stropts.h>


int main(void){return 0;}

Determining if files stdio.h;inttypes.h;sys/filio.h;sys/ioctl.h;sys/param.h;sys/poll.h;sys/resource.h;sys/select.h;sys/socket.h;sys/sockio.h;sys/stat.h;sys/time.h;sys/types.h;sys/uio.h;sys/un.h;sys/xattr.h;alloca.h;arpa/inet.h;arpa/tftp.h;assert.h;errno.h;fcntl.h;ifaddrs.h;libgen.h;locale.h;net/if.h;netdb.h;netinet/in.h;netinet/tcp.h;poll.h;pwd.h;setjmp.h;signal.h;stdbool.h;stdint.h;stdio.h;stdlib.h;string.h;strings.h;termio.h exist failed with the following output:
Change Dir: /Users/aqi/Documents/GitHub/webCrawler/build/CMakeFiles/CMakeScratch/TryCompile-ECJHfA

Run Build Command(s):/usr/bin/make -f Makefile cmTC_4f1d2/fast && /Library/Developer/CommandLineTools/usr/bin/make  -f CMakeFiles/cmTC_4f1d2.dir/build.make CMakeFiles/cmTC_4f1d2.dir/build
Building C object CMakeFiles/cmTC_4f1d2.dir/HAVE_TERMIO_H.c.o
/Library/Developer/CommandLineTools/usr/bin/cc   -arch arm64 -isysroot /Library/Developer/CommandLineTools/SDKs/MacOSX13.0.sdk -MD -MT CMakeFiles/cmTC_4f1d2.dir/HAVE_TERMIO_H.c.o -MF CMakeFiles/cmTC_4f1d2.dir/HAVE_TERMIO_H.c.o.d -o CMakeFiles/cmTC_4f1d2.dir/HAVE_TERMIO_H.c.o -c /Users/aqi/Documents/GitHub/webCrawler/build/CMakeFiles/CMakeScratch/TryCompile-ECJHfA/HAVE_TERMIO_H.c
/Users/aqi/Documents/GitHub/webCrawler/build/CMakeFiles/CMakeScratch/TryCompile-ECJHfA/HAVE_TERMIO_H.c:41:10: fatal error: 'termio.h' file not found
#include <termio.h>
         ^~~~~~~~~~
1 error generated.
make[1]: *** [CMakeFiles/cmTC_4f1d2.dir/HAVE_TERMIO_H.c.o] Error 1
make: *** [cmTC_4f1d2/fast] Error 2


Source:
/* */
#include <stdio.h>
#include <inttypes.h>
#include <sys/filio.h>
#include <sys/ioctl.h>
#include <sys/param.h>
#include <sys/poll.h>
#include <sys/resource.h>
#include <sys/select.h>
#include <sys/socket.h>
#include <sys/sockio.h>
#include <sys/stat.h>
#include <sys/time.h>
#include <sys/types.h>
#include <sys/uio.h>
#include <sys/un.h>
#include <sys/xattr.h>
#include <alloca.h>
#include <arpa/inet.h>
#include <arpa/tftp.h>
#include <assert.h>
#include <errno.h>
#include <fcntl.h>
#include <ifaddrs.h>
#include <libgen.h>
#include <locale.h>
#include <net/if.h>
#include <netdb.h>
#include <netinet/in.h>
#include <netinet/tcp.h>
#include <poll.h>
#include <pwd.h>
#include <setjmp.h>
#include <signal.h>
#include <stdbool.h>
#include <stdint.h>
#include <stdio.h>
#include <stdlib.h>
#include <string.h>
#include <strings.h>
#include <termio.h>


int main(void){return 0;}

Determining if files stdio.h;inttypes.h;sys/filio.h;sys/ioctl.h;sys/param.h;sys/poll.h;sys/resource.h;sys/select.h;sys/socket.h;sys/sockio.h;sys/stat.h;sys/time.h;sys/types.h;sys/uio.h;sys/un.h;sys/xattr.h;alloca.h;arpa/inet.h;arpa/tftp.h;assert.h;errno.h;fcntl.h;ifaddrs.h;libgen.h;locale.h;net/if.h;netdb.h;netinet/in.h;netinet/tcp.h;poll.h;pwd.h;setjmp.h;signal.h;stdbool.h;stdint.h;stdio.h;stdlib.h;string.h;strings.h;termios.h;time.h;unistd.h;utime.h;x509.h exist failed with the following output:
Change Dir: /Users/aqi/Documents/GitHub/webCrawler/build/CMakeFiles/CMakeScratch/TryCompile-WDwKJ2

Run Build Command(s):/usr/bin/make -f Makefile cmTC_6a35b/fast && /Library/Developer/CommandLineTools/usr/bin/make  -f CMakeFiles/cmTC_6a35b.dir/build.make CMakeFiles/cmTC_6a35b.dir/build
Building C object CMakeFiles/cmTC_6a35b.dir/HAVE_X509_H.c.o
/Library/Developer/CommandLineTools/usr/bin/cc   -arch arm64 -isysroot /Library/Developer/CommandLineTools/SDKs/MacOSX13.0.sdk -MD -MT CMakeFiles/cmTC_6a35b.dir/HAVE_X509_H.c.o -MF CMakeFiles/cmTC_6a35b.dir/HAVE_X509_H.c.o.d -o CMakeFiles/cmTC_6a35b.dir/HAVE_X509_H.c.o -c /Users/aqi/Documents/GitHub/webCrawler/build/CMakeFiles/CMakeScratch/TryCompile-WDwKJ2/HAVE_X509_H.c
/Users/aqi/Documents/GitHub/webCrawler/build/CMakeFiles/CMakeScratch/TryCompile-WDwKJ2/HAVE_X509_H.c:45:10: fatal error: 'x509.h' file not found
#include <x509.h>
         ^~~~~~~~
1 error generated.
make[1]: *** [CMakeFiles/cmTC_6a35b.dir/HAVE_X509_H.c.o] Error 1
make: *** [cmTC_6a35b/fast] Error 2


Source:
/* */
#include <stdio.h>
#include <inttypes.h>
#include <sys/filio.h>
#include <sys/ioctl.h>
#include <sys/param.h>
#include <sys/poll.h>
#include <sys/resource.h>
#include <sys/select.h>
#include <sys/socket.h>
#include <sys/sockio.h>
#include <sys/stat.h>
#include <sys/time.h>
#include <sys/types.h>
#include <sys/uio.h>
#include <sys/un.h>
#include <sys/xattr.h>
#include <alloca.h>
#include <arpa/inet.h>
#include <arpa/tftp.h>
#include <assert.h>
#include <errno.h>
#include <fcntl.h>
#include <ifaddrs.h>
#include <libgen.h>
#include <locale.h>
#include <net/if.h>
#include <netdb.h>
#include <netinet/in.h>
#include <netinet/tcp.h>
#include <poll.h>
#include <pwd.h>
#include <setjmp.h>
#include <signal.h>
#include <stdbool.h>
#include <stdint.h>
#include <stdio.h>
#include <stdlib.h>
#include <string.h>
#include <strings.h>
#include <termios.h>
#include <time.h>
#include <unistd.h>
#include <utime.h>
#include <x509.h>


int main(void){return 0;}

Determining if files stdio.h;inttypes.h;sys/filio.h;sys/ioctl.h;sys/param.h;sys/poll.h;sys/resource.h;sys/select.h;sys/socket.h;sys/sockio.h;sys/stat.h;sys/time.h;sys/types.h;sys/uio.h;sys/un.h;sys/xattr.h;alloca.h;arpa/inet.h;arpa/tftp.h;assert.h;errno.h;fcntl.h;ifaddrs.h;libgen.h;locale.h;net/if.h;netdb.h;netinet/in.h;netinet/tcp.h;poll.h;pwd.h;setjmp.h;signal.h;stdbool.h;stdint.h;stdio.h;stdlib.h;string.h;strings.h;termios.h;time.h;unistd.h;utime.h;process.h exist failed with the following output:
Change Dir: /Users/aqi/Documents/GitHub/webCrawler/build/CMakeFiles/CMakeScratch/TryCompile-nPDH7z

Run Build Command(s):/usr/bin/make -f Makefile cmTC_5d544/fast && /Library/Developer/CommandLineTools/usr/bin/make  -f CMakeFiles/cmTC_5d544.dir/build.make CMakeFiles/cmTC_5d544.dir/build
Building C object CMakeFiles/cmTC_5d544.dir/HAVE_PROCESS_H.c.o
/Library/Developer/CommandLineTools/usr/bin/cc   -arch arm64 -isysroot /Library/Developer/CommandLineTools/SDKs/MacOSX13.0.sdk -MD -MT CMakeFiles/cmTC_5d544.dir/HAVE_PROCESS_H.c.o -MF CMakeFiles/cmTC_5d544.dir/HAVE_PROCESS_H.c.o.d -o CMakeFiles/cmTC_5d544.dir/HAVE_PROCESS_H.c.o -c /Users/aqi/Documents/GitHub/webCrawler/build/CMakeFiles/CMakeScratch/TryCompile-nPDH7z/HAVE_PROCESS_H.c
/Users/aqi/Documents/GitHub/webCrawler/build/CMakeFiles/CMakeScratch/TryCompile-nPDH7z/HAVE_PROCESS_H.c:45:10: fatal error: 'process.h' file not found
#include <process.h>
         ^~~~~~~~~~~
1 error generated.
make[1]: *** [CMakeFiles/cmTC_5d544.dir/HAVE_PROCESS_H.c.o] Error 1
make: *** [cmTC_5d544/fast] Error 2


Source:
/* */
#include <stdio.h>
#include <inttypes.h>
#include <sys/filio.h>
#include <sys/ioctl.h>
#include <sys/param.h>
#include <sys/poll.h>
#include <sys/resource.h>
#include <sys/select.h>
#include <sys/socket.h>
#include <sys/sockio.h>
#include <sys/stat.h>
#include <sys/time.h>
#include <sys/types.h>
#include <sys/uio.h>
#include <sys/un.h>
#include <sys/xattr.h>
#include <alloca.h>
#include <arpa/inet.h>
#include <arpa/tftp.h>
#include <assert.h>
#include <errno.h>
#include <fcntl.h>
#include <ifaddrs.h>
#include <libgen.h>
#include <locale.h>
#include <net/if.h>
#include <netdb.h>
#include <netinet/in.h>
#include <netinet/tcp.h>
#include <poll.h>
#include <pwd.h>
#include <setjmp.h>
#include <signal.h>
#include <stdbool.h>
#include <stdint.h>
#include <stdio.h>
#include <stdlib.h>
#include <string.h>
#include <strings.h>
#include <termios.h>
#include <time.h>
#include <unistd.h>
#include <utime.h>
#include <process.h>


int main(void){return 0;}

Determining if files stdio.h;inttypes.h;sys/filio.h;sys/ioctl.h;sys/param.h;sys/poll.h;sys/resource.h;sys/select.h;sys/socket.h;sys/sockio.h;sys/stat.h;sys/time.h;sys/types.h;sys/uio.h;sys/un.h;sys/xattr.h;alloca.h;arpa/inet.h;arpa/tftp.h;assert.h;errno.h;fcntl.h;ifaddrs.h;libgen.h;locale.h;net/if.h;netdb.h;netinet/in.h;netinet/tcp.h;poll.h;pwd.h;setjmp.h;signal.h;stdbool.h;stdint.h;stdio.h;stdlib.h;string.h;strings.h;termios.h;time.h;unistd.h;utime.h;stddef.h;dlfcn.h;malloc.h exist failed with the following output:
Change Dir: /Users/aqi/Documents/GitHub/webCrawler/build/CMakeFiles/CMakeScratch/TryCompile-pL27Nr

Run Build Command(s):/usr/bin/make -f Makefile cmTC_e1640/fast && /Library/Developer/CommandLineTools/usr/bin/make  -f CMakeFiles/cmTC_e1640.dir/build.make CMakeFiles/cmTC_e1640.dir/build
Building C object CMakeFiles/cmTC_e1640.dir/HAVE_MALLOC_H.c.o
/Library/Developer/CommandLineTools/usr/bin/cc   -arch arm64 -isysroot /Library/Developer/CommandLineTools/SDKs/MacOSX13.0.sdk -MD -MT CMakeFiles/cmTC_e1640.dir/HAVE_MALLOC_H.c.o -MF CMakeFiles/cmTC_e1640.dir/HAVE_MALLOC_H.c.o.d -o CMakeFiles/cmTC_e1640.dir/HAVE_MALLOC_H.c.o -c /Users/aqi/Documents/GitHub/webCrawler/build/CMakeFiles/CMakeScratch/TryCompile-pL27Nr/HAVE_MALLOC_H.c
/Users/aqi/Documents/GitHub/webCrawler/build/CMakeFiles/CMakeScratch/TryCompile-pL27Nr/HAVE_MALLOC_H.c:47:10: fatal error: 'malloc.h' file not found
#include <malloc.h>
         ^~~~~~~~~~
1 error generated.
make[1]: *** [CMakeFiles/cmTC_e1640.dir/HAVE_MALLOC_H.c.o] Error 1
make: *** [cmTC_e1640/fast] Error 2


Source:
/* */
#include <stdio.h>
#include <inttypes.h>
#include <sys/filio.h>
#include <sys/ioctl.h>
#include <sys/param.h>
#include <sys/poll.h>
#include <sys/resource.h>
#include <sys/select.h>
#include <sys/socket.h>
#include <sys/sockio.h>
#include <sys/stat.h>
#include <sys/time.h>
#include <sys/types.h>
#include <sys/uio.h>
#include <sys/un.h>
#include <sys/xattr.h>
#include <alloca.h>
#include <arpa/inet.h>
#include <arpa/tftp.h>
#include <assert.h>
#include <errno.h>
#include <fcntl.h>
#include <ifaddrs.h>
#include <libgen.h>
#include <locale.h>
#include <net/if.h>
#include <netdb.h>
#include <netinet/in.h>
#include <netinet/tcp.h>
#include <poll.h>
#include <pwd.h>
#include <setjmp.h>
#include <signal.h>
#include <stdbool.h>
#include <stdint.h>
#include <stdio.h>
#include <stdlib.h>
#include <string.h>
#include <strings.h>
#include <termios.h>
#include <time.h>
#include <unistd.h>
#include <utime.h>
#include <stddef.h>
#include <dlfcn.h>
#include <malloc.h>


int main(void){return 0;}

Determining if files stdio.h;inttypes.h;sys/filio.h;sys/ioctl.h;sys/param.h;sys/poll.h;sys/resource.h;sys/select.h;sys/socket.h;sys/sockio.h;sys/stat.h;sys/time.h;sys/types.h;sys/uio.h;sys/un.h;sys/xattr.h;alloca.h;arpa/inet.h;arpa/tftp.h;assert.h;errno.h;fcntl.h;ifaddrs.h;libgen.h;locale.h;net/if.h;netdb.h;netinet/in.h;netinet/tcp.h;poll.h;pwd.h;setjmp.h;signal.h;stdbool.h;stdint.h;stdio.h;stdlib.h;string.h;strings.h;termios.h;time.h;unistd.h;utime.h;stddef.h;dlfcn.h;memory.h;netinet/if_ether.h;stdint.h;sockio.h exist failed with the following output:
Change Dir: /Users/aqi/Documents/GitHub/webCrawler/build/CMakeFiles/CMakeScratch/TryCompile-RuVNgN

Run Build Command(s):/usr/bin/make -f Makefile cmTC_c348b/fast && /Library/Developer/CommandLineTools/usr/bin/make  -f CMakeFiles/cmTC_c348b.dir/build.make CMakeFiles/cmTC_c348b.dir/build
Building C object CMakeFiles/cmTC_c348b.dir/HAVE_SOCKIO_H.c.o
/Library/Developer/CommandLineTools/usr/bin/cc   -arch arm64 -isysroot /Library/Developer/CommandLineTools/SDKs/MacOSX13.0.sdk -MD -MT CMakeFiles/cmTC_c348b.dir/HAVE_SOCKIO_H.c.o -MF CMakeFiles/cmTC_c348b.dir/HAVE_SOCKIO_H.c.o.d -o CMakeFiles/cmTC_c348b.dir/HAVE_SOCKIO_H.c.o -c /Users/aqi/Documents/GitHub/webCrawler/build/CMakeFiles/CMakeScratch/TryCompile-RuVNgN/HAVE_SOCKIO_H.c
/Users/aqi/Documents/GitHub/webCrawler/build/CMakeFiles/CMakeScratch/TryCompile-RuVNgN/HAVE_SOCKIO_H.c:50:10: fatal error: 'sockio.h' file not found
#include <sockio.h>
         ^~~~~~~~~~
1 error generated.
make[1]: *** [CMakeFiles/cmTC_c348b.dir/HAVE_SOCKIO_H.c.o] Error 1
make: *** [cmTC_c348b/fast] Error 2


Source:
/* */
#include <stdio.h>
#include <inttypes.h>
#include <sys/filio.h>
#include <sys/ioctl.h>
#include <sys/param.h>
#include <sys/poll.h>
#include <sys/resource.h>
#include <sys/select.h>
#include <sys/socket.h>
#include <sys/sockio.h>
#include <sys/stat.h>
#include <sys/time.h>
#include <sys/types.h>
#include <sys/uio.h>
#include <sys/un.h>
#include <sys/xattr.h>
#include <alloca.h>
#include <arpa/inet.h>
#include <arpa/tftp.h>
#include <assert.h>
#include <errno.h>
#include <fcntl.h>
#include <ifaddrs.h>
#include <libgen.h>
#include <locale.h>
#include <net/if.h>
#include <netdb.h>
#include <netinet/in.h>
#include <netinet/tcp.h>
#include <poll.h>
#include <pwd.h>
#include <setjmp.h>
#include <signal.h>
#include <stdbool.h>
#include <stdint.h>
#include <stdio.h>
#include <stdlib.h>
#include <string.h>
#include <strings.h>
#include <termios.h>
#include <time.h>
#include <unistd.h>
#include <utime.h>
#include <stddef.h>
#include <dlfcn.h>
#include <memory.h>
#include <netinet/if_ether.h>
#include <stdint.h>
#include <sockio.h>


int main(void){return 0;}

Determining size of __int64 failed with the following output:
Change Dir: /Users/aqi/Documents/GitHub/webCrawler/build/CMakeFiles/CMakeScratch/TryCompile-uW3IWG

Run Build Command(s):/usr/bin/make -f Makefile cmTC_fe935/fast && /Library/Developer/CommandLineTools/usr/bin/make  -f CMakeFiles/cmTC_fe935.dir/build.make CMakeFiles/cmTC_fe935.dir/build
Building C object CMakeFiles/cmTC_fe935.dir/SIZEOF___INT64.c.o
/Library/Developer/CommandLineTools/usr/bin/cc   -arch arm64 -isysroot /Library/Developer/CommandLineTools/SDKs/MacOSX13.0.sdk -MD -MT CMakeFiles/cmTC_fe935.dir/SIZEOF___INT64.c.o -MF CMakeFiles/cmTC_fe935.dir/SIZEOF___INT64.c.o.d -o CMakeFiles/cmTC_fe935.dir/SIZEOF___INT64.c.o -c /Users/aqi/Documents/GitHub/webCrawler/build/CMakeFiles/CMakeScratch/TryCompile-uW3IWG/SIZEOF___INT64.c
/Users/aqi/Documents/GitHub/webCrawler/build/CMakeFiles/CMakeScratch/TryCompile-uW3IWG/SIZEOF___INT64.c:29:12: error: use of undeclared identifier '__int64'
  ('0' + ((SIZE / 10000)%10)),
           ^
/Users/aqi/Documents/GitHub/webCrawler/build/CMakeFiles/CMakeScratch/TryCompile-uW3IWG/SIZEOF___INT64.c:27:22: note: expanded from macro 'SIZE'
#define SIZE (sizeof(__int64))
                     ^
/Users/aqi/Documents/GitHub/webCrawler/build/CMakeFiles/CMakeScratch/TryCompile-uW3IWG/SIZEOF___INT64.c:30:12: error: use of undeclared identifier '__int64'
  ('0' + ((SIZE / 1000)%10)),
           ^
/Users/aqi/Documents/GitHub/webCrawler/build/CMakeFiles/CMakeScratch/TryCompile-uW3IWG/SIZEOF___INT64.c:27:22: note: expanded from macro 'SIZE'
#define SIZE (sizeof(__int64))
                     ^
/Users/aqi/Documents/GitHub/webCrawler/build/CMakeFiles/CMakeScratch/TryCompile-uW3IWG/SIZEOF___INT64.c:31:12: error: use of undeclared identifier '__int64'
  ('0' + ((SIZE / 100)%10)),
           ^
/Users/aqi/Documents/GitHub/webCrawler/build/CMakeFiles/CMakeScratch/TryCompile-uW3IWG/SIZEOF___INT64.c:27:22: note: expanded from macro 'SIZE'
#define SIZE (sizeof(__int64))
                     ^
/Users/aqi/Documents/GitHub/webCrawler/build/CMakeFiles/CMakeScratch/TryCompile-uW3IWG/SIZEOF___INT64.c:32:12: error: use of undeclared identifier '__int64'
  ('0' + ((SIZE / 10)%10)),
           ^
/Users/aqi/Documents/GitHub/webCrawler/build/CMakeFiles/CMakeScratch/TryCompile-uW3IWG/SIZEOF___INT64.c:27:22: note: expanded from macro 'SIZE'
#define SIZE (sizeof(__int64))
                     ^
/Users/aqi/Documents/GitHub/webCrawler/build/CMakeFiles/CMakeScratch/TryCompile-uW3IWG/SIZEOF___INT64.c:33:12: error: use of undeclared identifier '__int64'
  ('0' +  (SIZE    % 10)),
           ^
/Users/aqi/Documents/GitHub/webCrawler/build/CMakeFiles/CMakeScratch/TryCompile-uW3IWG/SIZEOF___INT64.c:27:22: note: expanded from macro 'SIZE'
#define SIZE (sizeof(__int64))
                     ^
5 errors generated.
make[1]: *** [CMakeFiles/cmTC_fe935.dir/SIZEOF___INT64.c.o] Error 1
make: *** [cmTC_fe935/fast] Error 2


SIZEOF___INT64.c:
#include <sys/types.h>
#include <stdint.h>
#include <stddef.h>


#undef KEY
#if defined(__i386)
# define KEY '_','_','i','3','8','6'
#elif defined(__x86_64)
# define KEY '_','_','x','8','6','_','6','4'
#elif defined(__PPC64__)
# define KEY '_','_','P','P','C','6','4','_','_'
#elif defined(__ppc64__)
# define KEY '_','_','p','p','c','6','4','_','_'
#elif defined(__PPC__)
# define KEY '_','_','P','P','C','_','_'
#elif defined(__ppc__)
# define KEY '_','_','p','p','c','_','_'
#elif defined(__aarch64__)
# define KEY '_','_','a','a','r','c','h','6','4','_','_'
#elif defined(__ARM_ARCH_7A__)
# define KEY '_','_','A','R','M','_','A','R','C','H','_','7','A','_','_'
#elif defined(__ARM_ARCH_7S__)
# define KEY '_','_','A','R','M','_','A','R','C','H','_','7','S','_','_'
#endif

#define SIZE (sizeof(__int64))
static char info_size[] =  {'I', 'N', 'F', 'O', ':', 's','i','z','e','[',
  ('0' + ((SIZE / 10000)%10)),
  ('0' + ((SIZE / 1000)%10)),
  ('0' + ((SIZE / 100)%10)),
  ('0' + ((SIZE / 10)%10)),
  ('0' +  (SIZE    % 10)),
  ']',
#ifdef KEY
  ' ','k','e','y','[', KEY, ']',
#endif
  '\0'};

#ifdef __CLASSIC_C__
int main(argc, argv) int argc; char *argv[];
#else
int main(int argc, char *argv[])
#endif
{
  int require = 0;
  require += info_size[argc];
  (void)argv;
  return require;
}


Determining if the stricmp exist failed with the following output:
Change Dir: /Users/aqi/Documents/GitHub/webCrawler/build/CMakeFiles/CMakeScratch/TryCompile-GXwaVg

Run Build Command(s):/usr/bin/make -f Makefile cmTC_7749b/fast && /Library/Developer/CommandLineTools/usr/bin/make  -f CMakeFiles/cmTC_7749b.dir/build.make CMakeFiles/cmTC_7749b.dir/build
Building C object CMakeFiles/cmTC_7749b.dir/CheckSymbolExists.c.o
/Library/Developer/CommandLineTools/usr/bin/cc   -arch arm64 -isysroot /Library/Developer/CommandLineTools/SDKs/MacOSX13.0.sdk -MD -MT CMakeFiles/cmTC_7749b.dir/CheckSymbolExists.c.o -MF CMakeFiles/cmTC_7749b.dir/CheckSymbolExists.c.o.d -o CMakeFiles/cmTC_7749b.dir/CheckSymbolExists.c.o -c /Users/aqi/Documents/GitHub/webCrawler/build/CMakeFiles/CMakeScratch/TryCompile-GXwaVg/CheckSymbolExists.c
/Users/aqi/Documents/GitHub/webCrawler/build/CMakeFiles/CMakeScratch/TryCompile-GXwaVg/CheckSymbolExists.c:56:19: error: use of undeclared identifier 'stricmp'
  return ((int*)(&stricmp))[argc];
                  ^
1 error generated.
make[1]: *** [CMakeFiles/cmTC_7749b.dir/CheckSymbolExists.c.o] Error 1
make: *** [cmTC_7749b/fast] Error 2


File CheckSymbolExists.c:
/* */
#include <stdio.h>
#include <inttypes.h>
#include <sys/filio.h>
#include <sys/ioctl.h>
#include <sys/param.h>
#include <sys/poll.h>
#include <sys/resource.h>
#include <sys/select.h>
#include <sys/socket.h>
#include <sys/sockio.h>
#include <sys/stat.h>
#include <sys/time.h>
#include <sys/types.h>
#include <sys/uio.h>
#include <sys/un.h>
#include <sys/xattr.h>
#include <alloca.h>
#include <arpa/inet.h>
#include <arpa/tftp.h>
#include <assert.h>
#include <errno.h>
#include <fcntl.h>
#include <ifaddrs.h>
#include <libgen.h>
#include <locale.h>
#include <net/if.h>
#include <netdb.h>
#include <netinet/in.h>
#include <netinet/tcp.h>
#include <poll.h>
#include <pwd.h>
#include <setjmp.h>
#include <signal.h>
#include <stdbool.h>
#include <stdint.h>
#include <stdio.h>
#include <stdlib.h>
#include <string.h>
#include <strings.h>
#include <termios.h>
#include <time.h>
#include <unistd.h>
#include <utime.h>
#include <stddef.h>
#include <dlfcn.h>
#include <memory.h>
#include <netinet/if_ether.h>
#include <stdint.h>
#include <sys/utsname.h>

int main(int argc, char** argv)
{
  (void)argv;
#ifndef stricmp
  return ((int*)(&stricmp))[argc];
#else
  (void)argc;
  return 0;
#endif
}
Determining if the strcmpi exist failed with the following output:
Change Dir: /Users/aqi/Documents/GitHub/webCrawler/build/CMakeFiles/CMakeScratch/TryCompile-bqbKLy

Run Build Command(s):/usr/bin/make -f Makefile cmTC_38ad9/fast && /Library/Developer/CommandLineTools/usr/bin/make  -f CMakeFiles/cmTC_38ad9.dir/build.make CMakeFiles/cmTC_38ad9.dir/build
Building C object CMakeFiles/cmTC_38ad9.dir/CheckSymbolExists.c.o
/Library/Developer/CommandLineTools/usr/bin/cc   -arch arm64 -isysroot /Library/Developer/CommandLineTools/SDKs/MacOSX13.0.sdk -MD -MT CMakeFiles/cmTC_38ad9.dir/CheckSymbolExists.c.o -MF CMakeFiles/cmTC_38ad9.dir/CheckSymbolExists.c.o.d -o CMakeFiles/cmTC_38ad9.dir/CheckSymbolExists.c.o -c /Users/aqi/Documents/GitHub/webCrawler/build/CMakeFiles/CMakeScratch/TryCompile-bqbKLy/CheckSymbolExists.c
/Users/aqi/Documents/GitHub/webCrawler/build/CMakeFiles/CMakeScratch/TryCompile-bqbKLy/CheckSymbolExists.c:56:19: error: use of undeclared identifier 'strcmpi'; did you mean 'strcmp'?
  return ((int*)(&strcmpi))[argc];
                  ^~~~~~~
                  strcmp
/Library/Developer/CommandLineTools/SDKs/MacOSX13.0.sdk/usr/include/string.h:77:6: note: 'strcmp' declared here
int      strcmp(const char *__s1, const char *__s2);
         ^
1 error generated.
make[1]: *** [CMakeFiles/cmTC_38ad9.dir/CheckSymbolExists.c.o] Error 1
make: *** [cmTC_38ad9/fast] Error 2


File CheckSymbolExists.c:
/* */
#include <stdio.h>
#include <inttypes.h>
#include <sys/filio.h>
#include <sys/ioctl.h>
#include <sys/param.h>
#include <sys/poll.h>
#include <sys/resource.h>
#include <sys/select.h>
#include <sys/socket.h>
#include <sys/sockio.h>
#include <sys/stat.h>
#include <sys/time.h>
#include <sys/types.h>
#include <sys/uio.h>
#include <sys/un.h>
#include <sys/xattr.h>
#include <alloca.h>
#include <arpa/inet.h>
#include <arpa/tftp.h>
#include <assert.h>
#include <errno.h>
#include <fcntl.h>
#include <ifaddrs.h>
#include <libgen.h>
#include <locale.h>
#include <net/if.h>
#include <netdb.h>
#include <netinet/in.h>
#include <netinet/tcp.h>
#include <poll.h>
#include <pwd.h>
#include <setjmp.h>
#include <signal.h>
#include <stdbool.h>
#include <stdint.h>
#include <stdio.h>
#include <stdlib.h>
#include <string.h>
#include <strings.h>
#include <termios.h>
#include <time.h>
#include <unistd.h>
#include <utime.h>
#include <stddef.h>
#include <dlfcn.h>
#include <memory.h>
#include <netinet/if_ether.h>
#include <stdint.h>
#include <sys/utsname.h>

int main(int argc, char** argv)
{
  (void)argv;
#ifndef strcmpi
  return ((int*)(&strcmpi))[argc];
#else
  (void)argc;
  return 0;
#endif
}
Determining if the strncmpi exist failed with the following output:
Change Dir: /Users/aqi/Documents/GitHub/webCrawler/build/CMakeFiles/CMakeScratch/TryCompile-0FYEBi

Run Build Command(s):/usr/bin/make -f Makefile cmTC_c358f/fast && /Library/Developer/CommandLineTools/usr/bin/make  -f CMakeFiles/cmTC_c358f.dir/build.make CMakeFiles/cmTC_c358f.dir/build
Building C object CMakeFiles/cmTC_c358f.dir/CheckSymbolExists.c.o
/Library/Developer/CommandLineTools/usr/bin/cc   -arch arm64 -isysroot /Library/Developer/CommandLineTools/SDKs/MacOSX13.0.sdk -MD -MT CMakeFiles/cmTC_c358f.dir/CheckSymbolExists.c.o -MF CMakeFiles/cmTC_c358f.dir/CheckSymbolExists.c.o.d -o CMakeFiles/cmTC_c358f.dir/CheckSymbolExists.c.o -c /Users/aqi/Documents/GitHub/webCrawler/build/CMakeFiles/CMakeScratch/TryCompile-0FYEBi/CheckSymbolExists.c
/Users/aqi/Documents/GitHub/webCrawler/build/CMakeFiles/CMakeScratch/TryCompile-0FYEBi/CheckSymbolExists.c:56:19: error: use of undeclared identifier 'strncmpi'; did you mean 'strncmp'?
  return ((int*)(&strncmpi))[argc];
                  ^~~~~~~~
                  strncmp
/Library/Developer/CommandLineTools/SDKs/MacOSX13.0.sdk/usr/include/string.h:84:6: note: 'strncmp' declared here
int      strncmp(const char *__s1, const char *__s2, size_t __n);
         ^
1 error generated.
make[1]: *** [CMakeFiles/cmTC_c358f.dir/CheckSymbolExists.c.o] Error 1
make: *** [cmTC_c358f/fast] Error 2


File CheckSymbolExists.c:
/* */
#include <stdio.h>
#include <inttypes.h>
#include <sys/filio.h>
#include <sys/ioctl.h>
#include <sys/param.h>
#include <sys/poll.h>
#include <sys/resource.h>
#include <sys/select.h>
#include <sys/socket.h>
#include <sys/sockio.h>
#include <sys/stat.h>
#include <sys/time.h>
#include <sys/types.h>
#include <sys/uio.h>
#include <sys/un.h>
#include <sys/xattr.h>
#include <alloca.h>
#include <arpa/inet.h>
#include <arpa/tftp.h>
#include <assert.h>
#include <errno.h>
#include <fcntl.h>
#include <ifaddrs.h>
#include <libgen.h>
#include <locale.h>
#include <net/if.h>
#include <netdb.h>
#include <netinet/in.h>
#include <netinet/tcp.h>
#include <poll.h>
#include <pwd.h>
#include <setjmp.h>
#include <signal.h>
#include <stdbool.h>
#include <stdint.h>
#include <stdio.h>
#include <stdlib.h>
#include <string.h>
#include <strings.h>
#include <termios.h>
#include <time.h>
#include <unistd.h>
#include <utime.h>
#include <stddef.h>
#include <dlfcn.h>
#include <memory.h>
#include <netinet/if_ether.h>
#include <stdint.h>
#include <sys/utsname.h>

int main(int argc, char** argv)
{
  (void)argv;
#ifndef strncmpi
  return ((int*)(&strncmpi))[argc];
#else
  (void)argc;
  return 0;
#endif
}
Determining if the closesocket exist failed with the following output:
Change Dir: /Users/aqi/Documents/GitHub/webCrawler/build/CMakeFiles/CMakeScratch/TryCompile-MtRNph

Run Build Command(s):/usr/bin/make -f Makefile cmTC_fc3f0/fast && /Library/Developer/CommandLineTools/usr/bin/make  -f CMakeFiles/cmTC_fc3f0.dir/build.make CMakeFiles/cmTC_fc3f0.dir/build
Building C object CMakeFiles/cmTC_fc3f0.dir/CheckSymbolExists.c.o
/Library/Developer/CommandLineTools/usr/bin/cc   -arch arm64 -isysroot /Library/Developer/CommandLineTools/SDKs/MacOSX13.0.sdk -MD -MT CMakeFiles/cmTC_fc3f0.dir/CheckSymbolExists.c.o -MF CMakeFiles/cmTC_fc3f0.dir/CheckSymbolExists.c.o.d -o CMakeFiles/cmTC_fc3f0.dir/CheckSymbolExists.c.o -c /Users/aqi/Documents/GitHub/webCrawler/build/CMakeFiles/CMakeScratch/TryCompile-MtRNph/CheckSymbolExists.c
/Users/aqi/Documents/GitHub/webCrawler/build/CMakeFiles/CMakeScratch/TryCompile-MtRNph/CheckSymbolExists.c:56:19: error: use of undeclared identifier 'closesocket'
  return ((int*)(&closesocket))[argc];
                  ^
1 error generated.
make[1]: *** [CMakeFiles/cmTC_fc3f0.dir/CheckSymbolExists.c.o] Error 1
make: *** [cmTC_fc3f0/fast] Error 2


File CheckSymbolExists.c:
/* */
#include <stdio.h>
#include <inttypes.h>
#include <sys/filio.h>
#include <sys/ioctl.h>
#include <sys/param.h>
#include <sys/poll.h>
#include <sys/resource.h>
#include <sys/select.h>
#include <sys/socket.h>
#include <sys/sockio.h>
#include <sys/stat.h>
#include <sys/time.h>
#include <sys/types.h>
#include <sys/uio.h>
#include <sys/un.h>
#include <sys/xattr.h>
#include <alloca.h>
#include <arpa/inet.h>
#include <arpa/tftp.h>
#include <assert.h>
#include <errno.h>
#include <fcntl.h>
#include <ifaddrs.h>
#include <libgen.h>
#include <locale.h>
#include <net/if.h>
#include <netdb.h>
#include <netinet/in.h>
#include <netinet/tcp.h>
#include <poll.h>
#include <pwd.h>
#include <setjmp.h>
#include <signal.h>
#include <stdbool.h>
#include <stdint.h>
#include <stdio.h>
#include <stdlib.h>
#include <string.h>
#include <strings.h>
#include <termios.h>
#include <time.h>
#include <unistd.h>
#include <utime.h>
#include <stddef.h>
#include <dlfcn.h>
#include <memory.h>
#include <netinet/if_ether.h>
#include <stdint.h>
#include <sys/utsname.h>

int main(int argc, char** argv)
{
  (void)argv;
#ifndef closesocket
  return ((int*)(&closesocket))[argc];
#else
  (void)argc;
  return 0;
#endif
}
Determining if the getpass_r exist failed with the following output:
Change Dir: /Users/aqi/Documents/GitHub/webCrawler/build/CMakeFiles/CMakeScratch/TryCompile-bsLxoK

Run Build Command(s):/usr/bin/make -f Makefile cmTC_27788/fast && /Library/Developer/CommandLineTools/usr/bin/make  -f CMakeFiles/cmTC_27788.dir/build.make CMakeFiles/cmTC_27788.dir/build
Building C object CMakeFiles/cmTC_27788.dir/CheckSymbolExists.c.o
/Library/Developer/CommandLineTools/usr/bin/cc   -arch arm64 -isysroot /Library/Developer/CommandLineTools/SDKs/MacOSX13.0.sdk -MD -MT CMakeFiles/cmTC_27788.dir/CheckSymbolExists.c.o -MF CMakeFiles/cmTC_27788.dir/CheckSymbolExists.c.o.d -o CMakeFiles/cmTC_27788.dir/CheckSymbolExists.c.o -c /Users/aqi/Documents/GitHub/webCrawler/build/CMakeFiles/CMakeScratch/TryCompile-bsLxoK/CheckSymbolExists.c
/Users/aqi/Documents/GitHub/webCrawler/build/CMakeFiles/CMakeScratch/TryCompile-bsLxoK/CheckSymbolExists.c:56:19: error: use of undeclared identifier 'getpass_r'; did you mean 'getpass'?
  return ((int*)(&getpass_r))[argc];
                  ^~~~~~~~~
                  getpass
/Library/Developer/CommandLineTools/SDKs/MacOSX13.0.sdk/usr/include/unistd.h:559:7: note: 'getpass' declared here
char    *getpass(const char *) __POSIX_C_DEPRECATED(199506L);
         ^
1 error generated.
make[1]: *** [CMakeFiles/cmTC_27788.dir/CheckSymbolExists.c.o] Error 1
make: *** [cmTC_27788/fast] Error 2


File CheckSymbolExists.c:
/* */
#include <stdio.h>
#include <inttypes.h>
#include <sys/filio.h>
#include <sys/ioctl.h>
#include <sys/param.h>
#include <sys/poll.h>
#include <sys/resource.h>
#include <sys/select.h>
#include <sys/socket.h>
#include <sys/sockio.h>
#include <sys/stat.h>
#include <sys/time.h>
#include <sys/types.h>
#include <sys/uio.h>
#include <sys/un.h>
#include <sys/xattr.h>
#include <alloca.h>
#include <arpa/inet.h>
#include <arpa/tftp.h>
#include <assert.h>
#include <errno.h>
#include <fcntl.h>
#include <ifaddrs.h>
#include <libgen.h>
#include <locale.h>
#include <net/if.h>
#include <netdb.h>
#include <netinet/in.h>
#include <netinet/tcp.h>
#include <poll.h>
#include <pwd.h>
#include <setjmp.h>
#include <signal.h>
#include <stdbool.h>
#include <stdint.h>
#include <stdio.h>
#include <stdlib.h>
#include <string.h>
#include <strings.h>
#include <termios.h>
#include <time.h>
#include <unistd.h>
#include <utime.h>
#include <stddef.h>
#include <dlfcn.h>
#include <memory.h>
#include <netinet/if_ether.h>
#include <stdint.h>
#include <sys/utsname.h>

int main(int argc, char** argv)
{
  (void)argv;
#ifndef getpass_r
  return ((int*)(&getpass_r))[argc];
#else
  (void)argc;
  return 0;
#endif
}
Determining if the gethostbyname_r exist failed with the following output:
Change Dir: /Users/aqi/Documents/GitHub/webCrawler/build/CMakeFiles/CMakeScratch/TryCompile-sG130Q

Run Build Command(s):/usr/bin/make -f Makefile cmTC_ff1f5/fast && /Library/Developer/CommandLineTools/usr/bin/make  -f CMakeFiles/cmTC_ff1f5.dir/build.make CMakeFiles/cmTC_ff1f5.dir/build
Building C object CMakeFiles/cmTC_ff1f5.dir/CheckSymbolExists.c.o
/Library/Developer/CommandLineTools/usr/bin/cc   -arch arm64 -isysroot /Library/Developer/CommandLineTools/SDKs/MacOSX13.0.sdk -MD -MT CMakeFiles/cmTC_ff1f5.dir/CheckSymbolExists.c.o -MF CMakeFiles/cmTC_ff1f5.dir/CheckSymbolExists.c.o.d -o CMakeFiles/cmTC_ff1f5.dir/CheckSymbolExists.c.o -c /Users/aqi/Documents/GitHub/webCrawler/build/CMakeFiles/CMakeScratch/TryCompile-sG130Q/CheckSymbolExists.c
/Users/aqi/Documents/GitHub/webCrawler/build/CMakeFiles/CMakeScratch/TryCompile-sG130Q/CheckSymbolExists.c:56:19: error: use of undeclared identifier 'gethostbyname_r'
  return ((int*)(&gethostbyname_r))[argc];
                  ^
1 error generated.
make[1]: *** [CMakeFiles/cmTC_ff1f5.dir/CheckSymbolExists.c.o] Error 1
make: *** [cmTC_ff1f5/fast] Error 2


File CheckSymbolExists.c:
/* */
#include <stdio.h>
#include <inttypes.h>
#include <sys/filio.h>
#include <sys/ioctl.h>
#include <sys/param.h>
#include <sys/poll.h>
#include <sys/resource.h>
#include <sys/select.h>
#include <sys/socket.h>
#include <sys/sockio.h>
#include <sys/stat.h>
#include <sys/time.h>
#include <sys/types.h>
#include <sys/uio.h>
#include <sys/un.h>
#include <sys/xattr.h>
#include <alloca.h>
#include <arpa/inet.h>
#include <arpa/tftp.h>
#include <assert.h>
#include <errno.h>
#include <fcntl.h>
#include <ifaddrs.h>
#include <libgen.h>
#include <locale.h>
#include <net/if.h>
#include <netdb.h>
#include <netinet/in.h>
#include <netinet/tcp.h>
#include <poll.h>
#include <pwd.h>
#include <setjmp.h>
#include <signal.h>
#include <stdbool.h>
#include <stdint.h>
#include <stdio.h>
#include <stdlib.h>
#include <string.h>
#include <strings.h>
#include <termios.h>
#include <time.h>
#include <unistd.h>
#include <utime.h>
#include <stddef.h>
#include <dlfcn.h>
#include <memory.h>
#include <netinet/if_ether.h>
#include <stdint.h>
#include <sys/utsname.h>

int main(int argc, char** argv)
{
  (void)argv;
#ifndef gethostbyname_r
  return ((int*)(&gethostbyname_r))[argc];
#else
  (void)argc;
  return 0;
#endif
}
Determining if the _strtoi64 exist failed with the following output:
Change Dir: /Users/aqi/Documents/GitHub/webCrawler/build/CMakeFiles/CMakeScratch/TryCompile-jtI9RI

Run Build Command(s):/usr/bin/make -f Makefile cmTC_8ed87/fast && /Library/Developer/CommandLineTools/usr/bin/make  -f CMakeFiles/cmTC_8ed87.dir/build.make CMakeFiles/cmTC_8ed87.dir/build
Building C object CMakeFiles/cmTC_8ed87.dir/CheckSymbolExists.c.o
/Library/Developer/CommandLineTools/usr/bin/cc   -arch arm64 -isysroot /Library/Developer/CommandLineTools/SDKs/MacOSX13.0.sdk -MD -MT CMakeFiles/cmTC_8ed87.dir/CheckSymbolExists.c.o -MF CMakeFiles/cmTC_8ed87.dir/CheckSymbolExists.c.o.d -o CMakeFiles/cmTC_8ed87.dir/CheckSymbolExists.c.o -c /Users/aqi/Documents/GitHub/webCrawler/build/CMakeFiles/CMakeScratch/TryCompile-jtI9RI/CheckSymbolExists.c
/Users/aqi/Documents/GitHub/webCrawler/build/CMakeFiles/CMakeScratch/TryCompile-jtI9RI/CheckSymbolExists.c:56:19: error: use of undeclared identifier '_strtoi64'
  return ((int*)(&_strtoi64))[argc];
                  ^
1 error generated.
make[1]: *** [CMakeFiles/cmTC_8ed87.dir/CheckSymbolExists.c.o] Error 1
make: *** [cmTC_8ed87/fast] Error 2


File CheckSymbolExists.c:
/* */
#include <stdio.h>
#include <inttypes.h>
#include <sys/filio.h>
#include <sys/ioctl.h>
#include <sys/param.h>
#include <sys/poll.h>
#include <sys/resource.h>
#include <sys/select.h>
#include <sys/socket.h>
#include <sys/sockio.h>
#include <sys/stat.h>
#include <sys/time.h>
#include <sys/types.h>
#include <sys/uio.h>
#include <sys/un.h>
#include <sys/xattr.h>
#include <alloca.h>
#include <arpa/inet.h>
#include <arpa/tftp.h>
#include <assert.h>
#include <errno.h>
#include <fcntl.h>
#include <ifaddrs.h>
#include <libgen.h>
#include <locale.h>
#include <net/if.h>
#include <netdb.h>
#include <netinet/in.h>
#include <netinet/tcp.h>
#include <poll.h>
#include <pwd.h>
#include <setjmp.h>
#include <signal.h>
#include <stdbool.h>
#include <stdint.h>
#include <stdio.h>
#include <stdlib.h>
#include <string.h>
#include <strings.h>
#include <termios.h>
#include <time.h>
#include <unistd.h>
#include <utime.h>
#include <stddef.h>
#include <dlfcn.h>
#include <memory.h>
#include <netinet/if_ether.h>
#include <stdint.h>
#include <sys/utsname.h>

int main(int argc, char** argv)
{
  (void)argv;
#ifndef _strtoi64
  return ((int*)(&_strtoi64))[argc];
#else
  (void)argc;
  return 0;
#endif
}
Performing Curl Test HAVE_FSETXATTR_5 failed with the following output:
Change Dir: /Users/aqi/Documents/GitHub/webCrawler/build/CMakeFiles/CMakeTmp

Run Build Command(s):/usr/bin/make -f Makefile cmTC_30857/fast && /Library/Developer/CommandLineTools/usr/bin/make  -f CMakeFiles/cmTC_30857.dir/build.make CMakeFiles/cmTC_30857.dir/build
Building C object CMakeFiles/cmTC_30857.dir/CurlTests.c.o
/Library/Developer/CommandLineTools/usr/bin/cc   -DHAVE_FSETXATTR_5  -DHAVE_STDIO_H -DHAVE_INTTYPES_H -DHAVE_SYS_FILIO_H -DHAVE_SYS_IOCTL_H -DHAVE_SYS_PARAM_H -DHAVE_SYS_POLL_H -DHAVE_SYS_RESOURCE_H -DHAVE_SYS_SELECT_H -DHAVE_SYS_SOCKET_H -DHAVE_SYS_SOCKIO_H -DHAVE_SYS_STAT_H -DHAVE_SYS_TIME_H -DHAVE_SYS_TYPES_H -DHAVE_SYS_UIO_H -DHAVE_SYS_UN_H -DHAVE_SYS_XATTR_H -DHAVE_ALLOCA_H -DHAVE_ARPA_INET_H -DHAVE_ARPA_TFTP_H -DHAVE_ASSERT_H -DHAVE_ERRNO_H -DHAVE_FCNTL_H -DHAVE_IFADDRS_H -DHAVE_LIBGEN_H -DHAVE_LOCALE_H -DHAVE_NET_IF_H -DHAVE_NETDB_H -DHAVE_NETINET_IN_H -DHAVE_NETINET_TCP_H -DHAVE_POLL_H -DHAVE_PWD_H -DHAVE_SETJMP_H -DHAVE_SIGNAL_H -DHAVE_STDBOOL_H -DHAVE_STDINT_H -DHAVE_STDIO_H -DHAVE_STDLIB_H -DHAVE_STRING_H -DHAVE_STRINGS_H -DHAVE_TERMIOS_H -DHAVE_TIME_H -DHAVE_UNISTD_H -DHAVE_UTIME_H -DHAVE_STDDEF_H -DHAVE_DLFCN_H -DHAVE_MEMORY_H -DHAVE_NETINET_IF_ETHER_H -DHAVE_STDINT_H -DHAVE_SYS_UTSNAME_H -arch arm64 -isysroot /Library/Developer/CommandLineTools/SDKs/MacOSX13.0.sdk -MD -MT CMakeFiles/cmTC_30857.dir/CurlTests.c.o -MF CMakeFiles/cmTC_30857.dir/CurlTests.c.o.d -o CMakeFiles/cmTC_30857.dir/CurlTests.c.o -c /Users/aqi/Documents/GitHub/webCrawler/build/_deps/curl-src/CMake/CurlTests.c
/Users/aqi/Documents/GitHub/webCrawler/build/_deps/curl-src/CMake/CurlTests.c:451:26: error: too few arguments to function call, expected 6, have 5
  fsetxattr(0, 0, 0, 0, 0);
  ~~~~~~~~~              ^
/Library/Developer/CommandLineTools/SDKs/MacOSX13.0.sdk/usr/include/sys/xattr.h:67:5: note: 'fsetxattr' declared here
int fsetxattr(int fd, const char *name, const void *value, size_t size, u_int32_t position, int options);
    ^
1 error generated.
make[1]: *** [CMakeFiles/cmTC_30857.dir/CurlTests.c.o] Error 1
make: *** [cmTC_30857/fast] Error 2


Determining size of ADDRESS_FAMILY failed with the following output:
Change Dir: /Users/aqi/Documents/GitHub/webCrawler/build/CMakeFiles/CMakeScratch/TryCompile-fWSsq6

Run Build Command(s):/usr/bin/make -f Makefile cmTC_8d3e0/fast && /Library/Developer/CommandLineTools/usr/bin/make  -f CMakeFiles/cmTC_8d3e0.dir/build.make CMakeFiles/cmTC_8d3e0.dir/build
Building C object CMakeFiles/cmTC_8d3e0.dir/SIZEOF_ADDRESS_FAMILY.c.o
/Library/Developer/CommandLineTools/usr/bin/cc   -arch arm64 -isysroot /Library/Developer/CommandLineTools/SDKs/MacOSX13.0.sdk -MD -MT CMakeFiles/cmTC_8d3e0.dir/SIZEOF_ADDRESS_FAMILY.c.o -MF CMakeFiles/cmTC_8d3e0.dir/SIZEOF_ADDRESS_FAMILY.c.o.d -o CMakeFiles/cmTC_8d3e0.dir/SIZEOF_ADDRESS_FAMILY.c.o -c /Users/aqi/Documents/GitHub/webCrawler/build/CMakeFiles/CMakeScratch/TryCompile-fWSsq6/SIZEOF_ADDRESS_FAMILY.c
/Users/aqi/Documents/GitHub/webCrawler/build/CMakeFiles/CMakeScratch/TryCompile-fWSsq6/SIZEOF_ADDRESS_FAMILY.c:4:10: fatal error: 'ws2def.h' file not found
#include "ws2def.h"
         ^~~~~~~~~~
1 error generated.
make[1]: *** [CMakeFiles/cmTC_8d3e0.dir/SIZEOF_ADDRESS_FAMILY.c.o] Error 1
make: *** [cmTC_8d3e0/fast] Error 2


SIZEOF_ADDRESS_FAMILY.c:
#include <sys/types.h>
#include <stdint.h>
#include <stddef.h>
#include "ws2def.h"


#undef KEY
#if defined(__i386)
# define KEY '_','_','i','3','8','6'
#elif defined(__x86_64)
# define KEY '_','_','x','8','6','_','6','4'
#elif defined(__PPC64__)
# define KEY '_','_','P','P','C','6','4','_','_'
#elif defined(__ppc64__)
# define KEY '_','_','p','p','c','6','4','_','_'
#elif defined(__PPC__)
# define KEY '_','_','P','P','C','_','_'
#elif defined(__ppc__)
# define KEY '_','_','p','p','c','_','_'
#elif defined(__aarch64__)
# define KEY '_','_','a','a','r','c','h','6','4','_','_'
#elif defined(__ARM_ARCH_7A__)
# define KEY '_','_','A','R','M','_','A','R','C','H','_','7','A','_','_'
#elif defined(__ARM_ARCH_7S__)
# define KEY '_','_','A','R','M','_','A','R','C','H','_','7','S','_','_'
#endif

#define SIZE (sizeof(ADDRESS_FAMILY))
static char info_size[] =  {'I', 'N', 'F', 'O', ':', 's','i','z','e','[',
  ('0' + ((SIZE / 10000)%10)),
  ('0' + ((SIZE / 1000)%10)),
  ('0' + ((SIZE / 100)%10)),
  ('0' + ((SIZE / 10)%10)),
  ('0' +  (SIZE    % 10)),
  ']',
#ifdef KEY
  ' ','k','e','y','[', KEY, ']',
#endif
  '\0'};

#ifdef __CLASSIC_C__
int main(argc, argv) int argc; char *argv[];
#else
int main(int argc, char *argv[])
#endif
{
  int require = 0;
  require += info_size[argc];
  (void)argv;
  return require;
}


Performing Curl Test HAVE_IOCTLSOCKET failed with the following output:
Change Dir: /Users/aqi/Documents/GitHub/webCrawler/build/CMakeFiles/CMakeTmp

Run Build Command(s):/usr/bin/make -f Makefile cmTC_fc980/fast && /Library/Developer/CommandLineTools/usr/bin/make  -f CMakeFiles/cmTC_fc980.dir/build.make CMakeFiles/cmTC_fc980.dir/build
Building C object CMakeFiles/cmTC_fc980.dir/CurlTests.c.o
/Library/Developer/CommandLineTools/usr/bin/cc   -DHAVE_IOCTLSOCKET  -DHAVE_STDIO_H -DHAVE_INTTYPES_H -DHAVE_SYS_FILIO_H -DHAVE_SYS_IOCTL_H -DHAVE_SYS_PARAM_H -DHAVE_SYS_POLL_H -DHAVE_SYS_RESOURCE_H -DHAVE_SYS_SELECT_H -DHAVE_SYS_SOCKET_H -DHAVE_SYS_SOCKIO_H -DHAVE_SYS_STAT_H -DHAVE_SYS_TIME_H -DHAVE_SYS_TYPES_H -DHAVE_SYS_UIO_H -DHAVE_SYS_UN_H -DHAVE_SYS_XATTR_H -DHAVE_ALLOCA_H -DHAVE_ARPA_INET_H -DHAVE_ARPA_TFTP_H -DHAVE_ASSERT_H -DHAVE_ERRNO_H -DHAVE_FCNTL_H -DHAVE_IFADDRS_H -DHAVE_LIBGEN_H -DHAVE_LOCALE_H -DHAVE_NET_IF_H -DHAVE_NETDB_H -DHAVE_NETINET_IN_H -DHAVE_NETINET_TCP_H -DHAVE_POLL_H -DHAVE_PWD_H -DHAVE_SETJMP_H -DHAVE_SIGNAL_H -DHAVE_STDBOOL_H -DHAVE_STDINT_H -DHAVE_STDIO_H -DHAVE_STDLIB_H -DHAVE_STRING_H -DHAVE_STRINGS_H -DHAVE_TERMIOS_H -DHAVE_TIME_H -DHAVE_UNISTD_H -DHAVE_UTIME_H -DHAVE_STDDEF_H -DHAVE_DLFCN_H -DHAVE_MEMORY_H -DHAVE_NETINET_IF_ETHER_H -DHAVE_STDINT_H -DHAVE_SYS_UTSNAME_H -arch arm64 -isysroot /Library/Developer/CommandLineTools/SDKs/MacOSX13.0.sdk -MD -MT CMakeFiles/cmTC_fc980.dir/CurlTests.c.o -MF CMakeFiles/cmTC_fc980.dir/CurlTests.c.o.d -o CMakeFiles/cmTC_fc980.dir/CurlTests.c.o -c /Users/aqi/Documents/GitHub/webCrawler/build/_deps/curl-src/CMake/CurlTests.c
/Users/aqi/Documents/GitHub/webCrawler/build/_deps/curl-src/CMake/CurlTests.c:241:24: error: implicit declaration of function 'ioctlsocket' is invalid in C99 [-Werror,-Wimplicit-function-declaration]
 unsigned long flags = ioctlsocket(socket, FIONBIO, &flags);
                       ^
/Users/aqi/Documents/GitHub/webCrawler/build/_deps/curl-src/CMake/CurlTests.c:241:44: error: use of undeclared identifier 'FIONBIO'
 unsigned long flags = ioctlsocket(socket, FIONBIO, &flags);
                                           ^
2 errors generated.
make[1]: *** [CMakeFiles/cmTC_fc980.dir/CurlTests.c.o] Error 1
make: *** [cmTC_fc980/fast] Error 2


Performing Curl Test HAVE_IOCTLSOCKET_CAMEL failed with the following output:
Change Dir: /Users/aqi/Documents/GitHub/webCrawler/build/CMakeFiles/CMakeTmp

Run Build Command(s):/usr/bin/make -f Makefile cmTC_d442a/fast && /Library/Developer/CommandLineTools/usr/bin/make  -f CMakeFiles/cmTC_d442a.dir/build.make CMakeFiles/cmTC_d442a.dir/build
Building C object CMakeFiles/cmTC_d442a.dir/CurlTests.c.o
/Library/Developer/CommandLineTools/usr/bin/cc   -DHAVE_IOCTLSOCKET_CAMEL  -DHAVE_STDIO_H -DHAVE_INTTYPES_H -DHAVE_SYS_FILIO_H -DHAVE_SYS_IOCTL_H -DHAVE_SYS_PARAM_H -DHAVE_SYS_POLL_H -DHAVE_SYS_RESOURCE_H -DHAVE_SYS_SELECT_H -DHAVE_SYS_SOCKET_H -DHAVE_SYS_SOCKIO_H -DHAVE_SYS_STAT_H -DHAVE_SYS_TIME_H -DHAVE_SYS_TYPES_H -DHAVE_SYS_UIO_H -DHAVE_SYS_UN_H -DHAVE_SYS_XATTR_H -DHAVE_ALLOCA_H -DHAVE_ARPA_INET_H -DHAVE_ARPA_TFTP_H -DHAVE_ASSERT_H -DHAVE_ERRNO_H -DHAVE_FCNTL_H -DHAVE_IFADDRS_H -DHAVE_LIBGEN_H -DHAVE_LOCALE_H -DHAVE_NET_IF_H -DHAVE_NETDB_H -DHAVE_NETINET_IN_H -DHAVE_NETINET_TCP_H -DHAVE_POLL_H -DHAVE_PWD_H -DHAVE_SETJMP_H -DHAVE_SIGNAL_H -DHAVE_STDBOOL_H -DHAVE_STDINT_H -DHAVE_STDIO_H -DHAVE_STDLIB_H -DHAVE_STRING_H -DHAVE_STRINGS_H -DHAVE_TERMIOS_H -DHAVE_TIME_H -DHAVE_UNISTD_H -DHAVE_UTIME_H -DHAVE_STDDEF_H -DHAVE_DLFCN_H -DHAVE_MEMORY_H -DHAVE_NETINET_IF_ETHER_H -DHAVE_STDINT_H -DHAVE_SYS_UTSNAME_H -arch arm64 -isysroot /Library/Developer/CommandLineTools/SDKs/MacOSX13.0.sdk -MD -MT CMakeFiles/cmTC_d442a.dir/CurlTests.c.o -MF CMakeFiles/cmTC_d442a.dir/CurlTests.c.o.d -o CMakeFiles/cmTC_d442a.dir/CurlTests.c.o -c /Users/aqi/Documents/GitHub/webCrawler/build/_deps/curl-src/CMake/CurlTests.c
/Users/aqi/Documents/GitHub/webCrawler/build/_deps/curl-src/CMake/CurlTests.c:265:13: error: implicit declaration of function 'IoctlSocket' is invalid in C99 [-Werror,-Wimplicit-function-declaration]
    if(0 != IoctlSocket(0, 0, 0))
            ^
1 error generated.
make[1]: *** [CMakeFiles/cmTC_d442a.dir/CurlTests.c.o] Error 1
make: *** [cmTC_d442a/fast] Error 2


Performing Curl Test HAVE_IOCTLSOCKET_CAMEL_FIONBIO failed with the following output:
Change Dir: /Users/aqi/Documents/GitHub/webCrawler/build/CMakeFiles/CMakeTmp

Run Build Command(s):/usr/bin/make -f Makefile cmTC_35519/fast && /Library/Developer/CommandLineTools/usr/bin/make  -f CMakeFiles/cmTC_35519.dir/build.make CMakeFiles/cmTC_35519.dir/build
Building C object CMakeFiles/cmTC_35519.dir/CurlTests.c.o
/Library/Developer/CommandLineTools/usr/bin/cc   -DHAVE_IOCTLSOCKET_CAMEL_FIONBIO  -DHAVE_STDIO_H -DHAVE_INTTYPES_H -DHAVE_SYS_FILIO_H -DHAVE_SYS_IOCTL_H -DHAVE_SYS_PARAM_H -DHAVE_SYS_POLL_H -DHAVE_SYS_RESOURCE_H -DHAVE_SYS_SELECT_H -DHAVE_SYS_SOCKET_H -DHAVE_SYS_SOCKIO_H -DHAVE_SYS_STAT_H -DHAVE_SYS_TIME_H -DHAVE_SYS_TYPES_H -DHAVE_SYS_UIO_H -DHAVE_SYS_UN_H -DHAVE_SYS_XATTR_H -DHAVE_ALLOCA_H -DHAVE_ARPA_INET_H -DHAVE_ARPA_TFTP_H -DHAVE_ASSERT_H -DHAVE_ERRNO_H -DHAVE_FCNTL_H -DHAVE_IFADDRS_H -DHAVE_LIBGEN_H -DHAVE_LOCALE_H -DHAVE_NET_IF_H -DHAVE_NETDB_H -DHAVE_NETINET_IN_H -DHAVE_NETINET_TCP_H -DHAVE_POLL_H -DHAVE_PWD_H -DHAVE_SETJMP_H -DHAVE_SIGNAL_H -DHAVE_STDBOOL_H -DHAVE_STDINT_H -DHAVE_STDIO_H -DHAVE_STDLIB_H -DHAVE_STRING_H -DHAVE_STRINGS_H -DHAVE_TERMIOS_H -DHAVE_TIME_H -DHAVE_UNISTD_H -DHAVE_UTIME_H -DHAVE_STDDEF_H -DHAVE_DLFCN_H -DHAVE_MEMORY_H -DHAVE_NETINET_IF_ETHER_H -DHAVE_STDINT_H -DHAVE_SYS_UTSNAME_H -arch arm64 -isysroot /Library/Developer/CommandLineTools/SDKs/MacOSX13.0.sdk -MD -MT CMakeFiles/cmTC_35519.dir/CurlTests.c.o -MF CMakeFiles/cmTC_35519.dir/CurlTests.c.o.d -o CMakeFiles/cmTC_35519.dir/CurlTests.c.o -c /Users/aqi/Documents/GitHub/webCrawler/build/_deps/curl-src/CMake/CurlTests.c
/Users/aqi/Documents/GitHub/webCrawler/build/_deps/curl-src/CMake/CurlTests.c:289:17: error: implicit declaration of function 'IoctlSocket' is invalid in C99 [-Werror,-Wimplicit-function-declaration]
        if(0 != IoctlSocket(0, FIONBIO, &flags))
                ^
/Users/aqi/Documents/GitHub/webCrawler/build/_deps/curl-src/CMake/CurlTests.c:289:32: error: use of undeclared identifier 'FIONBIO'
        if(0 != IoctlSocket(0, FIONBIO, &flags))
                               ^
2 errors generated.
make[1]: *** [CMakeFiles/cmTC_35519.dir/CurlTests.c.o] Error 1
make: *** [cmTC_35519/fast] Error 2


Performing Curl Test HAVE_IOCTLSOCKET_FIONBIO failed with the following output:
Change Dir: /Users/aqi/Documents/GitHub/webCrawler/build/CMakeFiles/CMakeTmp

Run Build Command(s):/usr/bin/make -f Makefile cmTC_06ef9/fast && /Library/Developer/CommandLineTools/usr/bin/make  -f CMakeFiles/cmTC_06ef9.dir/build.make CMakeFiles/cmTC_06ef9.dir/build
Building C object CMakeFiles/cmTC_06ef9.dir/CurlTests.c.o
/Library/Developer/CommandLineTools/usr/bin/cc   -DHAVE_IOCTLSOCKET_FIONBIO  -DHAVE_STDIO_H -DHAVE_INTTYPES_H -DHAVE_SYS_FILIO_H -DHAVE_SYS_IOCTL_H -DHAVE_SYS_PARAM_H -DHAVE_SYS_POLL_H -DHAVE_SYS_RESOURCE_H -DHAVE_SYS_SELECT_H -DHAVE_SYS_SOCKET_H -DHAVE_SYS_SOCKIO_H -DHAVE_SYS_STAT_H -DHAVE_SYS_TIME_H -DHAVE_SYS_TYPES_H -DHAVE_SYS_UIO_H -DHAVE_SYS_UN_H -DHAVE_SYS_XATTR_H -DHAVE_ALLOCA_H -DHAVE_ARPA_INET_H -DHAVE_ARPA_TFTP_H -DHAVE_ASSERT_H -DHAVE_ERRNO_H -DHAVE_FCNTL_H -DHAVE_IFADDRS_H -DHAVE_LIBGEN_H -DHAVE_LOCALE_H -DHAVE_NET_IF_H -DHAVE_NETDB_H -DHAVE_NETINET_IN_H -DHAVE_NETINET_TCP_H -DHAVE_POLL_H -DHAVE_PWD_H -DHAVE_SETJMP_H -DHAVE_SIGNAL_H -DHAVE_STDBOOL_H -DHAVE_STDINT_H -DHAVE_STDIO_H -DHAVE_STDLIB_H -DHAVE_STRING_H -DHAVE_STRINGS_H -DHAVE_TERMIOS_H -DHAVE_TIME_H -DHAVE_UNISTD_H -DHAVE_UTIME_H -DHAVE_STDDEF_H -DHAVE_DLFCN_H -DHAVE_MEMORY_H -DHAVE_NETINET_IF_ETHER_H -DHAVE_STDINT_H -DHAVE_SYS_UTSNAME_H -arch arm64 -isysroot /Library/Developer/CommandLineTools/SDKs/MacOSX13.0.sdk -MD -MT CMakeFiles/cmTC_06ef9.dir/CurlTests.c.o -MF CMakeFiles/cmTC_06ef9.dir/CurlTests.c.o.d -o CMakeFiles/cmTC_06ef9.dir/CurlTests.c.o -c /Users/aqi/Documents/GitHub/webCrawler/build/_deps/curl-src/CMake/CurlTests.c
/Users/aqi/Documents/GitHub/webCrawler/build/_deps/curl-src/CMake/CurlTests.c:312:17: error: implicit declaration of function 'ioctlsocket' is invalid in C99 [-Werror,-Wimplicit-function-declaration]
        if(0 != ioctlsocket(0, FIONBIO, &flags))
                ^
/Users/aqi/Documents/GitHub/webCrawler/build/_deps/curl-src/CMake/CurlTests.c:312:32: error: use of undeclared identifier 'FIONBIO'
        if(0 != ioctlsocket(0, FIONBIO, &flags))
                               ^
2 errors generated.
make[1]: *** [CMakeFiles/cmTC_06ef9.dir/CurlTests.c.o] Error 1
make: *** [cmTC_06ef9/fast] Error 2


Performing Curl Test HAVE_SETSOCKOPT_SO_NONBLOCK failed with the following output:
Change Dir: /Users/aqi/Documents/GitHub/webCrawler/build/CMakeFiles/CMakeTmp

Run Build Command(s):/usr/bin/make -f Makefile cmTC_109cb/fast && /Library/Developer/CommandLineTools/usr/bin/make  -f CMakeFiles/cmTC_109cb.dir/build.make CMakeFiles/cmTC_109cb.dir/build
Building C object CMakeFiles/cmTC_109cb.dir/CurlTests.c.o
/Library/Developer/CommandLineTools/usr/bin/cc   -DHAVE_SETSOCKOPT_SO_NONBLOCK  -DHAVE_STDIO_H -DHAVE_INTTYPES_H -DHAVE_SYS_FILIO_H -DHAVE_SYS_IOCTL_H -DHAVE_SYS_PARAM_H -DHAVE_SYS_POLL_H -DHAVE_SYS_RESOURCE_H -DHAVE_SYS_SELECT_H -DHAVE_SYS_SOCKET_H -DHAVE_SYS_SOCKIO_H -DHAVE_SYS_STAT_H -DHAVE_SYS_TIME_H -DHAVE_SYS_TYPES_H -DHAVE_SYS_UIO_H -DHAVE_SYS_UN_H -DHAVE_SYS_XATTR_H -DHAVE_ALLOCA_H -DHAVE_ARPA_INET_H -DHAVE_ARPA_TFTP_H -DHAVE_ASSERT_H -DHAVE_ERRNO_H -DHAVE_FCNTL_H -DHAVE_IFADDRS_H -DHAVE_LIBGEN_H -DHAVE_LOCALE_H -DHAVE_NET_IF_H -DHAVE_NETDB_H -DHAVE_NETINET_IN_H -DHAVE_NETINET_TCP_H -DHAVE_POLL_H -DHAVE_PWD_H -DHAVE_SETJMP_H -DHAVE_SIGNAL_H -DHAVE_STDBOOL_H -DHAVE_STDINT_H -DHAVE_STDIO_H -DHAVE_STDLIB_H -DHAVE_STRING_H -DHAVE_STRINGS_H -DHAVE_TERMIOS_H -DHAVE_TIME_H -DHAVE_UNISTD_H -DHAVE_UTIME_H -DHAVE_STDDEF_H -DHAVE_DLFCN_H -DHAVE_MEMORY_H -DHAVE_NETINET_IF_ETHER_H -DHAVE_STDINT_H -DHAVE_SYS_UTSNAME_H -arch arm64 -isysroot /Library/Developer/CommandLineTools/SDKs/MacOSX13.0.sdk -MD -MT CMakeFiles/cmTC_109cb.dir/CurlTests.c.o -MF CMakeFiles/cmTC_109cb.dir/CurlTests.c.o.d -o CMakeFiles/cmTC_109cb.dir/CurlTests.c.o -c /Users/aqi/Documents/GitHub/webCrawler/build/_deps/curl-src/CMake/CurlTests.c
/Users/aqi/Documents/GitHub/webCrawler/build/_deps/curl-src/CMake/CurlTests.c:404:43: error: use of undeclared identifier 'SO_NONBLOCK'
        if(0 != setsockopt(0, SOL_SOCKET, SO_NONBLOCK, 0, 0))
                                          ^
1 error generated.
make[1]: *** [CMakeFiles/cmTC_109cb.dir/CurlTests.c.o] Error 1
make: *** [cmTC_109cb/fast] Error 2


Performing Curl Test HAVE_O_NONBLOCK failed with the following output:
Change Dir: /Users/aqi/Documents/GitHub/webCrawler/build/CMakeFiles/CMakeTmp

Run Build Command(s):/usr/bin/make -f Makefile cmTC_d3e79/fast && /Library/Developer/CommandLineTools/usr/bin/make  -f CMakeFiles/cmTC_d3e79.dir/build.make CMakeFiles/cmTC_d3e79.dir/build
Building C object CMakeFiles/cmTC_d3e79.dir/CurlTests.c.o
/Library/Developer/CommandLineTools/usr/bin/cc   -DHAVE_O_NONBLOCK  -DHAVE_STDIO_H -DHAVE_INTTYPES_H -DHAVE_SYS_FILIO_H -DHAVE_SYS_IOCTL_H -DHAVE_SYS_PARAM_H -DHAVE_SYS_POLL_H -DHAVE_SYS_RESOURCE_H -DHAVE_SYS_SELECT_H -DHAVE_SYS_SOCKET_H -DHAVE_SYS_SOCKIO_H -DHAVE_SYS_STAT_H -DHAVE_SYS_TIME_H -DHAVE_SYS_TYPES_H -DHAVE_SYS_UIO_H -DHAVE_SYS_UN_H -DHAVE_SYS_XATTR_H -DHAVE_ALLOCA_H -DHAVE_ARPA_INET_H -DHAVE_ARPA_TFTP_H -DHAVE_ASSERT_H -DHAVE_ERRNO_H -DHAVE_FCNTL_H -DHAVE_IFADDRS_H -DHAVE_LIBGEN_H -DHAVE_LOCALE_H -DHAVE_NET_IF_H -DHAVE_NETDB_H -DHAVE_NETINET_IN_H -DHAVE_NETINET_TCP_H -DHAVE_POLL_H -DHAVE_PWD_H -DHAVE_SETJMP_H -DHAVE_SIGNAL_H -DHAVE_STDBOOL_H -DHAVE_STDINT_H -DHAVE_STDIO_H -DHAVE_STDLIB_H -DHAVE_STRING_H -DHAVE_STRINGS_H -DHAVE_TERMIOS_H -DHAVE_TIME_H -DHAVE_UNISTD_H -DHAVE_UTIME_H -DHAVE_STDDEF_H -DHAVE_DLFCN_H -DHAVE_MEMORY_H -DHAVE_NETINET_IF_ETHER_H -DHAVE_STDINT_H -DHAVE_SYS_UTSNAME_H -arch arm64 -isysroot /Library/Developer/CommandLineTools/SDKs/MacOSX13.0.sdk -MD -MT CMakeFiles/cmTC_d3e79.dir/CurlTests.c.o -MF CMakeFiles/cmTC_d3e79.dir/CurlTests.c.o.d -o CMakeFiles/cmTC_d3e79.dir/CurlTests.c.o -c /Users/aqi/Documents/GitHub/webCrawler/build/_deps/curl-src/CMake/CurlTests.c
Linking C executable cmTC_d3e79
/opt/homebrew/Cellar/cmake/3.25.1/bin/cmake -E cmake_link_script CMakeFiles/cmTC_d3e79.dir/link.txt --verbose=1
/Library/Developer/CommandLineTools/usr/bin/cc  -DHAVE_O_NONBLOCK  -DHAVE_STDIO_H -DHAVE_INTTYPES_H -DHAVE_SYS_FILIO_H -DHAVE_SYS_IOCTL_H -DHAVE_SYS_PARAM_H -DHAVE_SYS_POLL_H -DHAVE_SYS_RESOURCE_H -DHAVE_SYS_SELECT_H -DHAVE_SYS_SOCKET_H -DHAVE_SYS_SOCKIO_H -DHAVE_SYS_STAT_H -DHAVE_SYS_TIME_H -DHAVE_SYS_TYPES_H -DHAVE_SYS_UIO_H -DHAVE_SYS_UN_H -DHAVE_SYS_XATTR_H -DHAVE_ALLOCA_H -DHAVE_ARPA_INET_H -DHAVE_ARPA_TFTP_H -DHAVE_ASSERT_H -DHAVE_ERRNO_H -DHAVE_FCNTL_H -DHAVE_IFADDRS_H -DHAVE_LIBGEN_H -DHAVE_LOCALE_H -DHAVE_NET_IF_H -DHAVE_NETDB_H -DHAVE_NETINET_IN_H -DHAVE_NETINET_TCP_H -DHAVE_POLL_H -DHAVE_PWD_H -DHAVE_SETJMP_H -DHAVE_SIGNAL_H -DHAVE_STDBOOL_H -DHAVE_STDINT_H -DHAVE_STDIO_H -DHAVE_STDLIB_H -DHAVE_STRING_H -DHAVE_STRINGS_H -DHAVE_TERMIOS_H -DHAVE_TIME_H -DHAVE_UNISTD_H -DHAVE_UTIME_H -DHAVE_STDDEF_H -DHAVE_DLFCN_H -DHAVE_MEMORY_H -DHAVE_NETINET_IF_ETHER_H -DHAVE_STDINT_H -DHAVE_SYS_UTSNAME_H -arch arm64 -isysroot /Library/Developer/CommandLineTools/SDKs/MacOSX13.0.sdk -Wl,-search_paths_first -Wl,-headerpad_max_install_names CMakeFiles/cmTC_d3e79.dir/CurlTests.c.o -o cmTC_d3e79 
Undefined symbols for architecture arm64:
  "_main", referenced from:
     implicit entry/start for main executable
ld: symbol(s) not found for architecture arm64
clang: error: linker command failed with exit code 1 (use -v to see invocation)
make[1]: *** [cmTC_d3e79] Error 1
make: *** [cmTC_d3e79/fast] Error 2


Performing Curl Test HAVE_GETHOSTBYNAME_R_3 failed with the following output:
Change Dir: /Users/aqi/Documents/GitHub/webCrawler/build/CMakeFiles/CMakeTmp

Run Build Command(s):/usr/bin/make -f Makefile cmTC_8e4f5/fast && /Library/Developer/CommandLineTools/usr/bin/make  -f CMakeFiles/cmTC_8e4f5.dir/build.make CMakeFiles/cmTC_8e4f5.dir/build
Building C object CMakeFiles/cmTC_8e4f5.dir/CurlTests.c.o
/Library/Developer/CommandLineTools/usr/bin/cc   -DHAVE_GETHOSTBYNAME_R_3  -DHAVE_STDIO_H -DHAVE_INTTYPES_H -DHAVE_SYS_FILIO_H -DHAVE_SYS_IOCTL_H -DHAVE_SYS_PARAM_H -DHAVE_SYS_POLL_H -DHAVE_SYS_RESOURCE_H -DHAVE_SYS_SELECT_H -DHAVE_SYS_SOCKET_H -DHAVE_SYS_SOCKIO_H -DHAVE_SYS_STAT_H -DHAVE_SYS_TIME_H -DHAVE_SYS_TYPES_H -DHAVE_SYS_UIO_H -DHAVE_SYS_UN_H -DHAVE_SYS_XATTR_H -DHAVE_ALLOCA_H -DHAVE_ARPA_INET_H -DHAVE_ARPA_TFTP_H -DHAVE_ASSERT_H -DHAVE_ERRNO_H -DHAVE_FCNTL_H -DHAVE_IFADDRS_H -DHAVE_LIBGEN_H -DHAVE_LOCALE_H -DHAVE_NET_IF_H -DHAVE_NETDB_H -DHAVE_NETINET_IN_H -DHAVE_NETINET_TCP_H -DHAVE_POLL_H -DHAVE_PWD_H -DHAVE_SETJMP_H -DHAVE_SIGNAL_H -DHAVE_STDBOOL_H -DHAVE_STDINT_H -DHAVE_STDIO_H -DHAVE_STDLIB_H -DHAVE_STRING_H -DHAVE_STRINGS_H -DHAVE_TERMIOS_H -DHAVE_TIME_H -DHAVE_UNISTD_H -DHAVE_UTIME_H -DHAVE_STDDEF_H -DHAVE_DLFCN_H -DHAVE_MEMORY_H -DHAVE_NETINET_IF_ETHER_H -DHAVE_STDINT_H -DHAVE_SYS_UTSNAME_H -arch arm64 -isysroot /Library/Developer/CommandLineTools/SDKs/MacOSX13.0.sdk -MD -MT CMakeFiles/cmTC_8e4f5.dir/CurlTests.c.o -MF CMakeFiles/cmTC_8e4f5.dir/CurlTests.c.o.d -o CMakeFiles/cmTC_8e4f5.dir/CurlTests.c.o -c /Users/aqi/Documents/GitHub/webCrawler/build/_deps/curl-src/CMake/CurlTests.c
/Users/aqi/Documents/GitHub/webCrawler/build/_deps/curl-src/CMake/CurlTests.c:97:23: error: variable has incomplete type 'struct hostent_data'
  struct hostent_data hdata;
                      ^
/Users/aqi/Documents/GitHub/webCrawler/build/_deps/curl-src/CMake/CurlTests.c:97:10: note: forward declaration of 'struct hostent_data'
  struct hostent_data hdata;
         ^
/Users/aqi/Documents/GitHub/webCrawler/build/_deps/curl-src/CMake/CurlTests.c:109:8: error: implicit declaration of function 'gethostbyname_r' is invalid in C99 [-Werror,-Wimplicit-function-declaration]
  rc = gethostbyname_r(address, &h, &hdata);
       ^
2 errors generated.
make[1]: *** [CMakeFiles/cmTC_8e4f5.dir/CurlTests.c.o] Error 1
make: *** [cmTC_8e4f5/fast] Error 2


Performing Curl Test HAVE_GETHOSTBYNAME_R_5 failed with the following output:
Change Dir: /Users/aqi/Documents/GitHub/webCrawler/build/CMakeFiles/CMakeTmp

Run Build Command(s):/usr/bin/make -f Makefile cmTC_e76b2/fast && /Library/Developer/CommandLineTools/usr/bin/make  -f CMakeFiles/cmTC_e76b2.dir/build.make CMakeFiles/cmTC_e76b2.dir/build
Building C object CMakeFiles/cmTC_e76b2.dir/CurlTests.c.o
/Library/Developer/CommandLineTools/usr/bin/cc   -DHAVE_GETHOSTBYNAME_R_5  -DHAVE_STDIO_H -DHAVE_INTTYPES_H -DHAVE_SYS_FILIO_H -DHAVE_SYS_IOCTL_H -DHAVE_SYS_PARAM_H -DHAVE_SYS_POLL_H -DHAVE_SYS_RESOURCE_H -DHAVE_SYS_SELECT_H -DHAVE_SYS_SOCKET_H -DHAVE_SYS_SOCKIO_H -DHAVE_SYS_STAT_H -DHAVE_SYS_TIME_H -DHAVE_SYS_TYPES_H -DHAVE_SYS_UIO_H -DHAVE_SYS_UN_H -DHAVE_SYS_XATTR_H -DHAVE_ALLOCA_H -DHAVE_ARPA_INET_H -DHAVE_ARPA_TFTP_H -DHAVE_ASSERT_H -DHAVE_ERRNO_H -DHAVE_FCNTL_H -DHAVE_IFADDRS_H -DHAVE_LIBGEN_H -DHAVE_LOCALE_H -DHAVE_NET_IF_H -DHAVE_NETDB_H -DHAVE_NETINET_IN_H -DHAVE_NETINET_TCP_H -DHAVE_POLL_H -DHAVE_PWD_H -DHAVE_SETJMP_H -DHAVE_SIGNAL_H -DHAVE_STDBOOL_H -DHAVE_STDINT_H -DHAVE_STDIO_H -DHAVE_STDLIB_H -DHAVE_STRING_H -DHAVE_STRINGS_H -DHAVE_TERMIOS_H -DHAVE_TIME_H -DHAVE_UNISTD_H -DHAVE_UTIME_H -DHAVE_STDDEF_H -DHAVE_DLFCN_H -DHAVE_MEMORY_H -DHAVE_NETINET_IF_ETHER_H -DHAVE_STDINT_H -DHAVE_SYS_UTSNAME_H -arch arm64 -isysroot /Library/Developer/CommandLineTools/SDKs/MacOSX13.0.sdk -MD -MT CMakeFiles/cmTC_e76b2.dir/CurlTests.c.o -MF CMakeFiles/cmTC_e76b2.dir/CurlTests.c.o.d -o CMakeFiles/cmTC_e76b2.dir/CurlTests.c.o -c /Users/aqi/Documents/GitHub/webCrawler/build/_deps/curl-src/CMake/CurlTests.c
/Users/aqi/Documents/GitHub/webCrawler/build/_deps/curl-src/CMake/CurlTests.c:112:8: error: implicit declaration of function 'gethostbyname_r' is invalid in C99 [-Werror,-Wimplicit-function-declaration]
  rc = gethostbyname_r(address, &h, buffer, 8192, &h_errnop);
       ^
1 error generated.
make[1]: *** [CMakeFiles/cmTC_e76b2.dir/CurlTests.c.o] Error 1
make: *** [cmTC_e76b2/fast] Error 2


Performing Curl Test HAVE_GETHOSTBYNAME_R_6 failed with the following output:
Change Dir: /Users/aqi/Documents/GitHub/webCrawler/build/CMakeFiles/CMakeTmp

Run Build Command(s):/usr/bin/make -f Makefile cmTC_1ad97/fast && /Library/Developer/CommandLineTools/usr/bin/make  -f CMakeFiles/cmTC_1ad97.dir/build.make CMakeFiles/cmTC_1ad97.dir/build
Building C object CMakeFiles/cmTC_1ad97.dir/CurlTests.c.o
/Library/Developer/CommandLineTools/usr/bin/cc   -DHAVE_GETHOSTBYNAME_R_6  -DHAVE_STDIO_H -DHAVE_INTTYPES_H -DHAVE_SYS_FILIO_H -DHAVE_SYS_IOCTL_H -DHAVE_SYS_PARAM_H -DHAVE_SYS_POLL_H -DHAVE_SYS_RESOURCE_H -DHAVE_SYS_SELECT_H -DHAVE_SYS_SOCKET_H -DHAVE_SYS_SOCKIO_H -DHAVE_SYS_STAT_H -DHAVE_SYS_TIME_H -DHAVE_SYS_TYPES_H -DHAVE_SYS_UIO_H -DHAVE_SYS_UN_H -DHAVE_SYS_XATTR_H -DHAVE_ALLOCA_H -DHAVE_ARPA_INET_H -DHAVE_ARPA_TFTP_H -DHAVE_ASSERT_H -DHAVE_ERRNO_H -DHAVE_FCNTL_H -DHAVE_IFADDRS_H -DHAVE_LIBGEN_H -DHAVE_LOCALE_H -DHAVE_NET_IF_H -DHAVE_NETDB_H -DHAVE_NETINET_IN_H -DHAVE_NETINET_TCP_H -DHAVE_POLL_H -DHAVE_PWD_H -DHAVE_SETJMP_H -DHAVE_SIGNAL_H -DHAVE_STDBOOL_H -DHAVE_STDINT_H -DHAVE_STDIO_H -DHAVE_STDLIB_H -DHAVE_STRING_H -DHAVE_STRINGS_H -DHAVE_TERMIOS_H -DHAVE_TIME_H -DHAVE_UNISTD_H -DHAVE_UTIME_H -DHAVE_STDDEF_H -DHAVE_DLFCN_H -DHAVE_MEMORY_H -DHAVE_NETINET_IF_ETHER_H -DHAVE_STDINT_H -DHAVE_SYS_UTSNAME_H -arch arm64 -isysroot /Library/Developer/CommandLineTools/SDKs/MacOSX13.0.sdk -MD -MT CMakeFiles/cmTC_1ad97.dir/CurlTests.c.o -MF CMakeFiles/cmTC_1ad97.dir/CurlTests.c.o.d -o CMakeFiles/cmTC_1ad97.dir/CurlTests.c.o -c /Users/aqi/Documents/GitHub/webCrawler/build/_deps/curl-src/CMake/CurlTests.c
/Users/aqi/Documents/GitHub/webCrawler/build/_deps/curl-src/CMake/CurlTests.c:116:8: error: implicit declaration of function 'gethostbyname_r' is invalid in C99 [-Werror,-Wimplicit-function-declaration]
  rc = gethostbyname_r(address, &h, buffer, 8192, &hp, &h_errnop);
       ^
1 error generated.
make[1]: *** [CMakeFiles/cmTC_1ad97.dir/CurlTests.c.o] Error 1
make: *** [cmTC_1ad97/fast] Error 2


Performing Curl Test HAVE_GETHOSTBYNAME_R_3_REENTRANT failed with the following output:
Change Dir: /Users/aqi/Documents/GitHub/webCrawler/build/CMakeFiles/CMakeTmp

Run Build Command(s):/usr/bin/make -f Makefile cmTC_28f90/fast && /Library/Developer/CommandLineTools/usr/bin/make  -f CMakeFiles/cmTC_28f90.dir/build.make CMakeFiles/cmTC_28f90.dir/build
Building C object CMakeFiles/cmTC_28f90.dir/CurlTests.c.o
/Library/Developer/CommandLineTools/usr/bin/cc   -DHAVE_GETHOSTBYNAME_R_3_REENTRANT  -DHAVE_STDIO_H -DHAVE_INTTYPES_H -DHAVE_SYS_FILIO_H -DHAVE_SYS_IOCTL_H -DHAVE_SYS_PARAM_H -DHAVE_SYS_POLL_H -DHAVE_SYS_RESOURCE_H -DHAVE_SYS_SELECT_H -DHAVE_SYS_SOCKET_H -DHAVE_SYS_SOCKIO_H -DHAVE_SYS_STAT_H -DHAVE_SYS_TIME_H -DHAVE_SYS_TYPES_H -DHAVE_SYS_UIO_H -DHAVE_SYS_UN_H -DHAVE_SYS_XATTR_H -DHAVE_ALLOCA_H -DHAVE_ARPA_INET_H -DHAVE_ARPA_TFTP_H -DHAVE_ASSERT_H -DHAVE_ERRNO_H -DHAVE_FCNTL_H -DHAVE_IFADDRS_H -DHAVE_LIBGEN_H -DHAVE_LOCALE_H -DHAVE_NET_IF_H -DHAVE_NETDB_H -DHAVE_NETINET_IN_H -DHAVE_NETINET_TCP_H -DHAVE_POLL_H -DHAVE_PWD_H -DHAVE_SETJMP_H -DHAVE_SIGNAL_H -DHAVE_STDBOOL_H -DHAVE_STDINT_H -DHAVE_STDIO_H -DHAVE_STDLIB_H -DHAVE_STRING_H -DHAVE_STRINGS_H -DHAVE_TERMIOS_H -DHAVE_TIME_H -DHAVE_UNISTD_H -DHAVE_UTIME_H -DHAVE_STDDEF_H -DHAVE_DLFCN_H -DHAVE_MEMORY_H -DHAVE_NETINET_IF_ETHER_H -DHAVE_STDINT_H -DHAVE_SYS_UTSNAME_H -arch arm64 -isysroot /Library/Developer/CommandLineTools/SDKs/MacOSX13.0.sdk -MD -MT CMakeFiles/cmTC_28f90.dir/CurlTests.c.o -MF CMakeFiles/cmTC_28f90.dir/CurlTests.c.o.d -o CMakeFiles/cmTC_28f90.dir/CurlTests.c.o -c /Users/aqi/Documents/GitHub/webCrawler/build/_deps/curl-src/CMake/CurlTests.c
/Users/aqi/Documents/GitHub/webCrawler/build/_deps/curl-src/CMake/CurlTests.c:97:23: error: variable has incomplete type 'struct hostent_data'
  struct hostent_data hdata;
                      ^
/Users/aqi/Documents/GitHub/webCrawler/build/_deps/curl-src/CMake/CurlTests.c:97:10: note: forward declaration of 'struct hostent_data'
  struct hostent_data hdata;
         ^
/Users/aqi/Documents/GitHub/webCrawler/build/_deps/curl-src/CMake/CurlTests.c:109:8: error: implicit declaration of function 'gethostbyname_r' is invalid in C99 [-Werror,-Wimplicit-function-declaration]
  rc = gethostbyname_r(address, &h, &hdata);
       ^
2 errors generated.
make[1]: *** [CMakeFiles/cmTC_28f90.dir/CurlTests.c.o] Error 1
make: *** [cmTC_28f90/fast] Error 2


Performing Curl Test HAVE_GETHOSTBYNAME_R_5_REENTRANT failed with the following output:
Change Dir: /Users/aqi/Documents/GitHub/webCrawler/build/CMakeFiles/CMakeTmp

Run Build Command(s):/usr/bin/make -f Makefile cmTC_795b9/fast && /Library/Developer/CommandLineTools/usr/bin/make  -f CMakeFiles/cmTC_795b9.dir/build.make CMakeFiles/cmTC_795b9.dir/build
Building C object CMakeFiles/cmTC_795b9.dir/CurlTests.c.o
/Library/Developer/CommandLineTools/usr/bin/cc   -DHAVE_GETHOSTBYNAME_R_5_REENTRANT  -DHAVE_STDIO_H -DHAVE_INTTYPES_H -DHAVE_SYS_FILIO_H -DHAVE_SYS_IOCTL_H -DHAVE_SYS_PARAM_H -DHAVE_SYS_POLL_H -DHAVE_SYS_RESOURCE_H -DHAVE_SYS_SELECT_H -DHAVE_SYS_SOCKET_H -DHAVE_SYS_SOCKIO_H -DHAVE_SYS_STAT_H -DHAVE_SYS_TIME_H -DHAVE_SYS_TYPES_H -DHAVE_SYS_UIO_H -DHAVE_SYS_UN_H -DHAVE_SYS_XATTR_H -DHAVE_ALLOCA_H -DHAVE_ARPA_INET_H -DHAVE_ARPA_TFTP_H -DHAVE_ASSERT_H -DHAVE_ERRNO_H -DHAVE_FCNTL_H -DHAVE_IFADDRS_H -DHAVE_LIBGEN_H -DHAVE_LOCALE_H -DHAVE_NET_IF_H -DHAVE_NETDB_H -DHAVE_NETINET_IN_H -DHAVE_NETINET_TCP_H -DHAVE_POLL_H -DHAVE_PWD_H -DHAVE_SETJMP_H -DHAVE_SIGNAL_H -DHAVE_STDBOOL_H -DHAVE_STDINT_H -DHAVE_STDIO_H -DHAVE_STDLIB_H -DHAVE_STRING_H -DHAVE_STRINGS_H -DHAVE_TERMIOS_H -DHAVE_TIME_H -DHAVE_UNISTD_H -DHAVE_UTIME_H -DHAVE_STDDEF_H -DHAVE_DLFCN_H -DHAVE_MEMORY_H -DHAVE_NETINET_IF_ETHER_H -DHAVE_STDINT_H -DHAVE_SYS_UTSNAME_H -arch arm64 -isysroot /Library/Developer/CommandLineTools/SDKs/MacOSX13.0.sdk -MD -MT CMakeFiles/cmTC_795b9.dir/CurlTests.c.o -MF CMakeFiles/cmTC_795b9.dir/CurlTests.c.o.d -o CMakeFiles/cmTC_795b9.dir/CurlTests.c.o -c /Users/aqi/Documents/GitHub/webCrawler/build/_deps/curl-src/CMake/CurlTests.c
/Users/aqi/Documents/GitHub/webCrawler/build/_deps/curl-src/CMake/CurlTests.c:112:8: error: implicit declaration of function 'gethostbyname_r' is invalid in C99 [-Werror,-Wimplicit-function-declaration]
  rc = gethostbyname_r(address, &h, buffer, 8192, &h_errnop);
       ^
1 error generated.
make[1]: *** [CMakeFiles/cmTC_795b9.dir/CurlTests.c.o] Error 1
make: *** [cmTC_795b9/fast] Error 2


Performing Curl Test HAVE_GETHOSTBYNAME_R_6_REENTRANT failed with the following output:
Change Dir: /Users/aqi/Documents/GitHub/webCrawler/build/CMakeFiles/CMakeTmp

Run Build Command(s):/usr/bin/make -f Makefile cmTC_714fe/fast && /Library/Developer/CommandLineTools/usr/bin/make  -f CMakeFiles/cmTC_714fe.dir/build.make CMakeFiles/cmTC_714fe.dir/build
Building C object CMakeFiles/cmTC_714fe.dir/CurlTests.c.o
/Library/Developer/CommandLineTools/usr/bin/cc   -DHAVE_GETHOSTBYNAME_R_6_REENTRANT  -DHAVE_STDIO_H -DHAVE_INTTYPES_H -DHAVE_SYS_FILIO_H -DHAVE_SYS_IOCTL_H -DHAVE_SYS_PARAM_H -DHAVE_SYS_POLL_H -DHAVE_SYS_RESOURCE_H -DHAVE_SYS_SELECT_H -DHAVE_SYS_SOCKET_H -DHAVE_SYS_SOCKIO_H -DHAVE_SYS_STAT_H -DHAVE_SYS_TIME_H -DHAVE_SYS_TYPES_H -DHAVE_SYS_UIO_H -DHAVE_SYS_UN_H -DHAVE_SYS_XATTR_H -DHAVE_ALLOCA_H -DHAVE_ARPA_INET_H -DHAVE_ARPA_TFTP_H -DHAVE_ASSERT_H -DHAVE_ERRNO_H -DHAVE_FCNTL_H -DHAVE_IFADDRS_H -DHAVE_LIBGEN_H -DHAVE_LOCALE_H -DHAVE_NET_IF_H -DHAVE_NETDB_H -DHAVE_NETINET_IN_H -DHAVE_NETINET_TCP_H -DHAVE_POLL_H -DHAVE_PWD_H -DHAVE_SETJMP_H -DHAVE_SIGNAL_H -DHAVE_STDBOOL_H -DHAVE_STDINT_H -DHAVE_STDIO_H -DHAVE_STDLIB_H -DHAVE_STRING_H -DHAVE_STRINGS_H -DHAVE_TERMIOS_H -DHAVE_TIME_H -DHAVE_UNISTD_H -DHAVE_UTIME_H -DHAVE_STDDEF_H -DHAVE_DLFCN_H -DHAVE_MEMORY_H -DHAVE_NETINET_IF_ETHER_H -DHAVE_STDINT_H -DHAVE_SYS_UTSNAME_H -arch arm64 -isysroot /Library/Developer/CommandLineTools/SDKs/MacOSX13.0.sdk -MD -MT CMakeFiles/cmTC_714fe.dir/CurlTests.c.o -MF CMakeFiles/cmTC_714fe.dir/CurlTests.c.o.d -o CMakeFiles/cmTC_714fe.dir/CurlTests.c.o -c /Users/aqi/Documents/GitHub/webCrawler/build/_deps/curl-src/CMake/CurlTests.c
/Users/aqi/Documents/GitHub/webCrawler/build/_deps/curl-src/CMake/CurlTests.c:116:8: error: implicit declaration of function 'gethostbyname_r' is invalid in C99 [-Werror,-Wimplicit-function-declaration]
  rc = gethostbyname_r(address, &h, buffer, 8192, &hp, &h_errnop);
       ^
1 error generated.
make[1]: *** [CMakeFiles/cmTC_714fe.dir/CurlTests.c.o] Error 1
make: *** [cmTC_714fe/fast] Error 2


Performing Curl Test HAVE_GLIBC_STRERROR_R failed with the following output:
Change Dir: /Users/aqi/Documents/GitHub/webCrawler/build/CMakeFiles/CMakeTmp

Run Build Command(s):/usr/bin/make -f Makefile cmTC_4be57/fast && /Library/Developer/CommandLineTools/usr/bin/make  -f CMakeFiles/cmTC_4be57.dir/build.make CMakeFiles/cmTC_4be57.dir/build
Building C object CMakeFiles/cmTC_4be57.dir/CurlTests.c.o
/Library/Developer/CommandLineTools/usr/bin/cc   -DHAVE_GLIBC_STRERROR_R  -DHAVE_STDIO_H -DHAVE_INTTYPES_H -DHAVE_SYS_FILIO_H -DHAVE_SYS_IOCTL_H -DHAVE_SYS_PARAM_H -DHAVE_SYS_POLL_H -DHAVE_SYS_RESOURCE_H -DHAVE_SYS_SELECT_H -DHAVE_SYS_SOCKET_H -DHAVE_SYS_SOCKIO_H -DHAVE_SYS_STAT_H -DHAVE_SYS_TIME_H -DHAVE_SYS_TYPES_H -DHAVE_SYS_UIO_H -DHAVE_SYS_UN_H -DHAVE_SYS_XATTR_H -DHAVE_ALLOCA_H -DHAVE_ARPA_INET_H -DHAVE_ARPA_TFTP_H -DHAVE_ASSERT_H -DHAVE_ERRNO_H -DHAVE_FCNTL_H -DHAVE_IFADDRS_H -DHAVE_LIBGEN_H -DHAVE_LOCALE_H -DHAVE_NET_IF_H -DHAVE_NETDB_H -DHAVE_NETINET_IN_H -DHAVE_NETINET_TCP_H -DHAVE_POLL_H -DHAVE_PWD_H -DHAVE_SETJMP_H -DHAVE_SIGNAL_H -DHAVE_STDBOOL_H -DHAVE_STDINT_H -DHAVE_STDIO_H -DHAVE_STDLIB_H -DHAVE_STRING_H -DHAVE_STRINGS_H -DHAVE_TERMIOS_H -DHAVE_TIME_H -DHAVE_UNISTD_H -DHAVE_UTIME_H -DHAVE_STDDEF_H -DHAVE_DLFCN_H -DHAVE_MEMORY_H -DHAVE_NETINET_IF_ETHER_H -DHAVE_STDINT_H -DHAVE_SYS_UTSNAME_H -arch arm64 -isysroot /Library/Developer/CommandLineTools/SDKs/MacOSX13.0.sdk -MD -MT CMakeFiles/cmTC_4be57.dir/CurlTests.c.o -MF CMakeFiles/cmTC_4be57.dir/CurlTests.c.o.d -o CMakeFiles/cmTC_4be57.dir/CurlTests.c.o -c /Users/aqi/Documents/GitHub/webCrawler/build/_deps/curl-src/CMake/CurlTests.c
/Users/aqi/Documents/GitHub/webCrawler/build/_deps/curl-src/CMake/CurlTests.c:420:51: error: subscripted value is not an array, pointer, or vector
  check(strerror_r(EACCES, buffer, sizeof(buffer))[0]);
        ~~~~~~~~~~~~~~~~~~~~~~~~~~~~~~~~~~~~~~~~~~^~
1 error generated.
make[1]: *** [CMakeFiles/cmTC_4be57.dir/CurlTests.c.o] Error 1
make: *** [cmTC_4be57/fast] Error 2


